<?xml version="1.0" encoding="UTF-8"?>
<!-- Generated by org.testng.reporters.JUnitXMLReporter -->
<testsuite ignored="2" hostname="DESKTOP-CPG5TUI" failures="1" tests="14" name="SmokeTest" time="1850.145" errors="0" timestamp="2024-02-09T18:47:44 IST">
  <testcase classname="browser.launchBrowsering" name="verifyHomePageLaunching" time="7.088"/>
  <testcase classname="testScripts.EditPaymentsFromReviewOrderPageTest" name="verifyingTheEditInPaymentInReviewOrderPageFromCreditCardToGiftCertificate" time="133.936"/>
  <testcase classname="testScripts.EditPaymentsFromReviewOrderPageTest" name="verifyingTheEditInPaymentInReviewOrderPageFromCreditCardToPaypal" time="155.733"/>
  <testcase classname="testScripts.EditPaymentsFromReviewOrderPageTest" name="verifyingTheEditInPaymentInReviewOrderPageFromGiftCertificateToCreditCard" time="116.801">
    <failure type="org.openqa.selenium.NoSuchElementException" message="no such element: Unable to locate element: {&amp;quot;method&amp;quot;:&amp;quot;xpath&amp;quot;,&amp;quot;selector&amp;quot;:&amp;quot;//h2[@class=&amp;apos;order-thank-you-msg&amp;apos;]&amp;quot;}
  (Session info: chrome=121.0.6167.161)
For documentation on this error, please visit: https://www.selenium.dev/documentation/webdriver/troubleshooting/errors#no-such-element-exception
Build info: version: &amp;apos;4.16.1&amp;apos;, revision: &amp;apos;9b4c83354e&amp;apos;
System info: os.name: &amp;apos;Windows 10&amp;apos;, os.arch: &amp;apos;amd64&amp;apos;, os.version: &amp;apos;10.0&amp;apos;, java.version: &amp;apos;17.0.2&amp;apos;
Driver info: org.openqa.selenium.chrome.ChromeDriver
Command: [f67b207839018af91d7cdaea2f9e75f0, findElement {using=xpath, value=//h2[@class=&amp;apos;order-thank-you-msg&amp;apos;]}]
Capabilities {acceptInsecureCerts: false, browserName: chrome, browserVersion: 121.0.6167.161, chrome: {chromedriverVersion: 121.0.6167.85 (3f98d690ad7e..., userDataDir: C:\Users\user\AppData\Local...}, fedcm:accounts: true, goog:chromeOptions: {debuggerAddress: localhost:57670}, networkConnectionEnabled: false, pageLoadStrategy: normal, platformName: windows, proxy: Proxy(), se:cdp: ws://localhost:57670/devtoo..., se:cdpVersion: 121.0.6167.161, setWindowRect: true, strictFileInteractability: false, timeouts: {implicit: 0, pageLoad: 300000, script: 30000}, unhandledPromptBehavior: dismiss and notify, webauthn:extension:credBlob: true, webauthn:extension:largeBlob: true, webauthn:extension:minPinLength: true, webauthn:extension:prf: true, webauthn:virtualAuthenticators: true}
Session ID: f67b207839018af91d7cdaea2f9e75f0">
      <![CDATA[org.openqa.selenium.NoSuchElementException: no such element: Unable to locate element: {"method":"xpath","selector":"//h2[@class='order-thank-you-msg']"}
  (Session info: chrome=121.0.6167.161)
For documentation on this error, please visit: https://www.selenium.dev/documentation/webdriver/troubleshooting/errors#no-such-element-exception
Build info: version: '4.16.1', revision: '9b4c83354e'
System info: os.name: 'Windows 10', os.arch: 'amd64', os.version: '10.0', java.version: '17.0.2'
Driver info: org.openqa.selenium.chrome.ChromeDriver
Command: [f67b207839018af91d7cdaea2f9e75f0, findElement {using=xpath, value=//h2[@class='order-thank-you-msg']}]
Capabilities {acceptInsecureCerts: false, browserName: chrome, browserVersion: 121.0.6167.161, chrome: {chromedriverVersion: 121.0.6167.85 (3f98d690ad7e..., userDataDir: C:\Users\user\AppData\Local...}, fedcm:accounts: true, goog:chromeOptions: {debuggerAddress: localhost:57670}, networkConnectionEnabled: false, pageLoadStrategy: normal, platformName: windows, proxy: Proxy(), se:cdp: ws://localhost:57670/devtoo..., se:cdpVersion: 121.0.6167.161, setWindowRect: true, strictFileInteractability: false, timeouts: {implicit: 0, pageLoad: 300000, script: 30000}, unhandledPromptBehavior: dismiss and notify, webauthn:extension:credBlob: true, webauthn:extension:largeBlob: true, webauthn:extension:minPinLength: true, webauthn:extension:prf: true, webauthn:virtualAuthenticators: true}
Session ID: f67b207839018af91d7cdaea2f9e75f0
at org.openqa.selenium.remote.codec.w3c.W3CHttpResponseCodec.createException(W3CHttpResponseCodec.java:200)
at org.openqa.selenium.remote.codec.w3c.W3CHttpResponseCodec.decode(W3CHttpResponseCodec.java:133)
at org.openqa.selenium.remote.codec.w3c.W3CHttpResponseCodec.decode(W3CHttpResponseCodec.java:52)
at org.openqa.selenium.remote.HttpCommandExecutor.execute(HttpCommandExecutor.java:191)
at org.openqa.selenium.remote.service.DriverCommandExecutor.invokeExecute(DriverCommandExecutor.java:200)
at org.openqa.selenium.remote.service.DriverCommandExecutor.execute(DriverCommandExecutor.java:175)
at org.openqa.selenium.remote.RemoteWebDriver.execute(RemoteWebDriver.java:523)
at org.openqa.selenium.remote.ElementLocation$ElementFinder$2.findElement(ElementLocation.java:165)
at org.openqa.selenium.remote.ElementLocation.findElement(ElementLocation.java:59)
at org.openqa.selenium.remote.RemoteWebDriver.findElement(RemoteWebDriver.java:360)
at org.openqa.selenium.remote.RemoteWebDriver.findElement(RemoteWebDriver.java:354)
at validations.PaymentPageValidation.VerifiedThatPlaceOrderClick(PaymentPageValidation.java:125)
at tasks.ReviewOrderPageTask.placeOrder(ReviewOrderPageTask.java:117)
at tasks.ReviewOrderPageTask.editPaymentFromGiftCertificateToCreditCard(ReviewOrderPageTask.java:386)
at tasks.EditPaymentsFromReviewOrderPageTasks.editGiftCertificateToCredit(EditPaymentsFromReviewOrderPageTasks.java:25)
at testScripts.EditPaymentsFromReviewOrderPageTest.verifyingTheEditInPaymentInReviewOrderPageFromGiftCertificateToCreditCard(EditPaymentsFromReviewOrderPageTest.java:23)
at java.base/java.util.ArrayList.forEach(ArrayList.java:1511)
... Removed 32 stack frames]]>
    </failure>
  </testcase> <!-- verifyingTheEditInPaymentInReviewOrderPageFromGiftCertificateToCreditCard -->
  <testcase classname="testScripts.EditPaymentsFromReviewOrderPageTest" name="verifyingTheEditInPaymentInReviewOrderPageFromGiftCertificateToPaypal" time="78.181"/>
  <testcase classname="testScripts.EditPaymentsFromReviewOrderPageTest" name="verifyingTheEditInPaymentInReviewOrderPageFromPaypalToGiftCertificate" time="139.304"/>
  <testcase classname="testScripts.EditPaymentsFromReviewOrderPageTest" name="verifyingTheEditInPaymentInReviewOrderPageFromPaypalToCreditCard" time="140.241"/>
  <testcase classname="testScripts.EditPaymentsFromReviewOrderPageTest" name="verifyingTheEditInPaymentInReviewOrderPageFromCombinationOfGiftCertificateAndCreditCardToGiftCertificate" time="149.249"/>
  <testcase classname="testScripts.EditPaymentsFromReviewOrderPageTest" name="verifyingTheEditInPaymentInReviewOrderPageFromCombinationOfGiftCertificateAndCreditCardToCreditCard" time="147.698"/>
  <testcase classname="testScripts.EditPaymentsFromReviewOrderPageTest" name="verifyingTheEditInPaymentInReviewOrderPageFromCombinationOfGiftCertificateAndPaypalToPaypal" time="152.337"/>
  <testcase classname="testScripts.EditPaymentsFromReviewOrderPageTest" name="verifyingTheEditInPaymentInReviewOrderPageFromCombinationOfGiftCertificateAndPaypalToGiftCertificate" time="158.28"/>
  <testcase classname="testScripts.EditPaymentsFromReviewOrderPageTest" name="verifyingTheEditInPaymentInReviewOrderPageFromPaypalToGiftCertificateAndPaypal" time="152.601"/>
  <testcase classname="testScripts.EditPaymentsFromReviewOrderPageTest" name="verifyingTheEditInPaymentInReviewOrderPageFromPaypalToCombinationOfGiftCertificateAndCreditCard" time="155.224"/>
  <testcase classname="testScripts.EditPaymentsFromReviewOrderPageTest" name="verifyingTheEditInPaymentInReviewOrderPageFromCreditCardToCombinationOfGiftCertificateAndPaypal" time="158.667"/>
  <testcase classname="com.providio.testcases.baseClass" name="@AfterSuite tearDown" time="0.0">
    <ignored/>
  </testcase> <!-- @AfterSuite tearDown -->
  <testcase classname="com.providio.testcases.baseClass" name="@BeforeSuite setUpforReport" time="0.0">
    <ignored/>
  </testcase> <!-- @BeforeSuite setUpforReport -->
</testsuite> <!-- SmokeTest -->
