<html>
<head>
<title>TestNG:  SmokeTest</title>
<link href="../testng.css" rel="stylesheet" type="text/css" />
<link href="../my-testng.css" rel="stylesheet" type="text/css" />

<style type="text/css">
.log { display: none;} 
.stack-trace { display: none;} 
</style>
<script type="text/javascript">
<!--
function flip(e) {
  current = e.style.display;
  if (current == 'block') {
    e.style.display = 'none';
    return 0;
  }
  else {
    e.style.display = 'block';
    return 1;
  }
}

function toggleBox(szDivId, elem, msg1, msg2)
{
  var res = -1;  if (document.getElementById) {
    res = flip(document.getElementById(szDivId));
  }
  else if (document.all) {
    // this is the way old msie versions work
    res = flip(document.all[szDivId]);
  }
  if(elem) {
    if(res == 0) elem.innerHTML = msg1; else elem.innerHTML = msg2;
  }

}

function toggleAllBoxes() {
  if (document.getElementsByTagName) {
    d = document.getElementsByTagName('div');
    for (i = 0; i < d.length; i++) {
      if (d[i].className == 'log') {
        flip(d[i]);
      }
    }
  }
}

// -->
</script>

</head>
<body>
<h2 align='center'>SmokeTest</h2><table border='1' align="center">
<tr>
<td>Tests passed/Failed/Skipped:</td><td>43/1/0</td>
</tr><tr>
<td>Started on:</td><td>Tue Jan 23 18:15:44 IST 2024</td>
</tr>
<tr><td>Total time:</td><td>751 seconds (751454 ms)</td>
</tr><tr>
<td>Included groups:</td><td></td>
</tr><tr>
<td>Excluded groups:</td><td></td>
</tr>
</table><p/>
<small><i>(Hover the method name to see the test class name)</i></small><p/>
<table width='100%' border='1' class='invocation-failed'>
<tr><td colspan='4' align='center'><b>FAILED TESTS</b></td></tr>
<tr><td><b>Test method</b></td>
<td><b>Attribute(s)</b></td>
<td width="30%"><b>Exception</b></td>
<td width="10%"><b>Time (seconds)</b></td>
<td><b>Instance</b></td>
</tr>
<tr>
<td title='testScripts.CheckOutPage2Test.verifyingTheCustomerInfoInCheckoutPage2()'><b>verifyingTheCustomerInfoInCheckoutPage2</b><br>Test class: testScripts.CheckOutPage2Test</td>
<td><div><pre>org.openqa.selenium.TimeoutException: Expected condition failed: waiting for visibility of element located by By.xpath: //div[@class=&apos;alert alert-success add-to-basket-alert text-center&apos;] (tried for 30 second(s) with 1000 milliseconds interval)
Build info: version: &apos;4.16.1&apos;, revision: &apos;9b4c83354e&apos;
System info: os.name: &apos;Windows 10&apos;, os.arch: &apos;amd64&apos;, os.version: &apos;10.0&apos;, java.version: &apos;17.0.2&apos;
Driver info: driver.version: unknown
	at org.openqa.selenium.support.ui.FluentWait.timeoutException(FluentWait.java:261)
	at org.openqa.selenium.support.ui.FluentWait.until(FluentWait.java:229)
	at validations.ProductListingPageValidations.validatingProductisAddtoCart(ProductListingPageValidations.java:123)
	at tasks.ProductListingPageTasks.quickShop(ProductListingPageTasks.java:75)
	at tasks.HomePageTasks.miniCartBtnClick(HomePageTasks.java:97)
	at tasks.ViewCartPageTasks.viewCartpage(ViewCartPageTasks.java:40)
	at tasks.CheckOutPageTasks.CheckOutPageLoaded(CheckOutPageTasks.java:33)
	at tasks.CheckOutPageTasks.GuestMailCheckOut(CheckOutPageTasks.java:39)
	at tasks.CheckOutPage2Tasks.checkOutPage2(CheckOutPage2Tasks.java:26)
	at tasks.CheckOutPage2Tasks.getCutomerInfo(CheckOutPage2Tasks.java:31)
	at testScripts.CheckOutPage2Test.verifyingTheCustomerInfoInCheckoutPage2(CheckOutPage2Test.java:13)
	at java.base/java.util.ArrayList.forEach(ArrayList.java:1511)
... Removed 27 stack frames</pre></div><a href='#' onClick='toggleBox("stack-trace1511538598", this, "Click to show all stack frames", "Click to hide stack frames")'>Click to show all stack frames</a>
<div class='stack-trace' id='stack-trace1511538598'><pre>org.openqa.selenium.TimeoutException: Expected condition failed: waiting for visibility of element located by By.xpath: //div[@class=&apos;alert alert-success add-to-basket-alert text-center&apos;] (tried for 30 second(s) with 1000 milliseconds interval)
Build info: version: &apos;4.16.1&apos;, revision: &apos;9b4c83354e&apos;
System info: os.name: &apos;Windows 10&apos;, os.arch: &apos;amd64&apos;, os.version: &apos;10.0&apos;, java.version: &apos;17.0.2&apos;
Driver info: driver.version: unknown
	at org.openqa.selenium.support.ui.FluentWait.timeoutException(FluentWait.java:261)
	at org.openqa.selenium.support.ui.FluentWait.until(FluentWait.java:229)
	at validations.ProductListingPageValidations.validatingProductisAddtoCart(ProductListingPageValidations.java:123)
	at tasks.ProductListingPageTasks.quickShop(ProductListingPageTasks.java:75)
	at tasks.HomePageTasks.miniCartBtnClick(HomePageTasks.java:97)
	at tasks.ViewCartPageTasks.viewCartpage(ViewCartPageTasks.java:40)
	at tasks.CheckOutPageTasks.CheckOutPageLoaded(CheckOutPageTasks.java:33)
	at tasks.CheckOutPageTasks.GuestMailCheckOut(CheckOutPageTasks.java:39)
	at tasks.CheckOutPage2Tasks.checkOutPage2(CheckOutPage2Tasks.java:26)
	at tasks.CheckOutPage2Tasks.getCutomerInfo(CheckOutPage2Tasks.java:31)
	at testScripts.CheckOutPage2Test.verifyingTheCustomerInfoInCheckoutPage2(CheckOutPage2Test.java:13)
	at java.base/jdk.internal.reflect.NativeMethodAccessorImpl.invoke0(Native Method)
	at java.base/jdk.internal.reflect.NativeMethodAccessorImpl.invoke(NativeMethodAccessorImpl.java:77)
	at java.base/jdk.internal.reflect.DelegatingMethodAccessorImpl.invoke(DelegatingMethodAccessorImpl.java:43)
	at java.base/java.lang.reflect.Method.invoke(Method.java:568)
	at org.testng.internal.invokers.MethodInvocationHelper.invokeMethod(MethodInvocationHelper.java:139)
	at org.testng.internal.invokers.TestInvoker.invokeMethod(TestInvoker.java:677)
	at org.testng.internal.invokers.TestInvoker.invokeTestMethod(TestInvoker.java:221)
	at org.testng.internal.invokers.MethodRunner.runInSequence(MethodRunner.java:50)
	at org.testng.internal.invokers.TestInvoker$MethodInvocationAgent.invoke(TestInvoker.java:969)
	at org.testng.internal.invokers.TestInvoker.invokeTestMethods(TestInvoker.java:194)
	at org.testng.internal.invokers.TestMethodWorker.invokeTestMethods(TestMethodWorker.java:148)
	at org.testng.internal.invokers.TestMethodWorker.run(TestMethodWorker.java:128)
	at java.base/java.util.ArrayList.forEach(ArrayList.java:1511)
	at org.testng.TestRunner.privateRun(TestRunner.java:829)
	at org.testng.TestRunner.run(TestRunner.java:602)
	at org.testng.SuiteRunner.runTest(SuiteRunner.java:437)
	at org.testng.SuiteRunner.runSequentially(SuiteRunner.java:431)
	at org.testng.SuiteRunner.privateRun(SuiteRunner.java:391)
	at org.testng.SuiteRunner.run(SuiteRunner.java:330)
	at org.testng.SuiteRunnerWorker.runSuite(SuiteRunnerWorker.java:52)
	at org.testng.SuiteRunnerWorker.run(SuiteRunnerWorker.java:95)
	at org.testng.TestNG.runSuitesSequentially(TestNG.java:1256)
	at org.testng.TestNG.runSuitesLocally(TestNG.java:1176)
	at org.testng.TestNG.runSuites(TestNG.java:1099)
	at org.testng.TestNG.run(TestNG.java:1067)
	at org.testng.remote.AbstractRemoteTestNG.run(AbstractRemoteTestNG.java:115)
	at org.testng.remote.RemoteTestNG.initAndRun(RemoteTestNG.java:251)
	at org.testng.remote.RemoteTestNG.main(RemoteTestNG.java:77)
</pre></div></td>
<td>78</td>
<td>testScripts.CheckOutPage2Test@6723610b</td></tr>
</table><p>
<table width='100%' border='1' class='invocation-passed'>
<tr><td colspan='4' align='center'><b>PASSED TESTS</b></td></tr>
<tr><td><b>Test method</b></td>
<td><b>Attribute(s)</b></td>
<td width="30%"><b>Exception</b></td>
<td width="10%"><b>Time (seconds)</b></td>
<td><b>Instance</b></td>
</tr>
<tr>
<td title='testScripts.FooterPageTest.verifyErrorMsgsInGiftCard()'><b>verifyErrorMsgsInGiftCard</b><br>Test class: testScripts.FooterPageTest</td>
<td></td>
<td>7</td>
<td>testScripts.FooterPageTest@640cc04b</td></tr>
<tr>
<td title='testScripts.CheckOutPage2Test.verifyingWithValidShippingAddress()'><b>verifyingWithValidShippingAddress</b><br>Test class: testScripts.CheckOutPage2Test</td>
<td></td>
<td>12</td>
<td>testScripts.CheckOutPage2Test@6723610b</td></tr>
<tr>
<td title='testScripts.PaymentPageTest.verifyingCvvErrorInCreditCard()'><b>verifyingCvvErrorInCreditCard</b><br>Test class: testScripts.PaymentPageTest</td>
<td></td>
<td>2</td>
<td>testScripts.PaymentPageTest@7ab1127c</td></tr>
<tr>
<td title='testScripts.LoginPageTest.VerifyingLoginWithValidCredentials()'><b>VerifyingLoginWithValidCredentials</b><br>Test class: testScripts.LoginPageTest</td>
<td></td>
<td>9</td>
<td>testScripts.LoginPageTest@630bf683</td></tr>
<tr>
<td title='testScripts.LoginPageTest.VerifyingLoginFailureWithEmptyEmail()'><b>VerifyingLoginFailureWithEmptyEmail</b><br>Test class: testScripts.LoginPageTest</td>
<td></td>
<td>9</td>
<td>testScripts.LoginPageTest@630bf683</td></tr>
<tr>
<td title='testScripts.CheckOutPage2Test.verifyingEditEmailInCheckoutPage2()'><b>verifyingEditEmailInCheckoutPage2</b><br>Test class: testScripts.CheckOutPage2Test</td>
<td></td>
<td>89</td>
<td>testScripts.CheckOutPage2Test@6723610b</td></tr>
<tr>
<td title='testScripts.CheckOutPage2Test.verifyingphoneNumberError()'><b>verifyingphoneNumberError</b><br>Test class: testScripts.CheckOutPage2Test</td>
<td></td>
<td>14</td>
<td>testScripts.CheckOutPage2Test@6723610b</td></tr>
<tr>
<td title='testScripts.LoginPageTest.VerifyingLoginFailureWithIncorrectCredentials()'><b>VerifyingLoginFailureWithIncorrectCredentials</b><br>Test class: testScripts.LoginPageTest</td>
<td></td>
<td>20</td>
<td>testScripts.LoginPageTest@630bf683</td></tr>
<tr>
<td title='testScripts.LoginPageTest.VerifyingLoginFailureWithInvalidEmailFormat()'><b>VerifyingLoginFailureWithInvalidEmailFormat</b><br>Test class: testScripts.LoginPageTest</td>
<td></td>
<td>9</td>
<td>testScripts.LoginPageTest@630bf683</td></tr>
<tr>
<td title='testScripts.CheckOutPage2Test.verifyingPaginationOfProductsInCheckOutPage2()'><b>verifyingPaginationOfProductsInCheckOutPage2</b><br>Test class: testScripts.CheckOutPage2Test</td>
<td></td>
<td>80</td>
<td>testScripts.CheckOutPage2Test@6723610b</td></tr>
<tr>
<td title='testScripts.FooterPageTest.verifyErrorsForConfirmMail()'><b>verifyErrorsForConfirmMail</b><br>Test class: testScripts.FooterPageTest</td>
<td></td>
<td>12</td>
<td>testScripts.FooterPageTest@640cc04b</td></tr>
<tr>
<td title='testScripts.PaymentPageTest.verifyingCreditCardInCompleteCvvError()'><b>verifyingCreditCardInCompleteCvvError</b><br>Test class: testScripts.PaymentPageTest</td>
<td></td>
<td>9</td>
<td>testScripts.PaymentPageTest@7ab1127c</td></tr>
<tr>
<td title='testScripts.FooterPageTest.verifytheErrorsFromName_Recipients_confirmRecipientEMail()'><b>verifytheErrorsFromName_Recipients_confirmRecipientEMail</b><br>Test class: testScripts.FooterPageTest</td>
<td></td>
<td>8</td>
<td>testScripts.FooterPageTest@640cc04b</td></tr>
<tr>
<td title='testScripts.CheckOutPage2Test.verifyingTheErrorsInLastName()'><b>verifyingTheErrorsInLastName</b><br>Test class: testScripts.CheckOutPage2Test</td>
<td></td>
<td>14</td>
<td>testScripts.CheckOutPage2Test@6723610b</td></tr>
<tr>
<td title='testScripts.PaymentPageTest.verifyingAddnewCreditCard()'><b>verifyingAddnewCreditCard</b><br>Test class: testScripts.PaymentPageTest</td>
<td></td>
<td>2</td>
<td>testScripts.PaymentPageTest@7ab1127c</td></tr>
<tr>
<td title='testScripts.FooterPageTest.verifyingResourceFooterLinks()'><b>verifyingResourceFooterLinks</b><br>Test class: testScripts.FooterPageTest</td>
<td></td>
<td>4</td>
<td>testScripts.FooterPageTest@640cc04b</td></tr>
<tr>
<td title='testScripts.CreateAccountPageTest.verifyEmailAndConfirmEmail()'><b>verifyEmailAndConfirmEmail</b><br>Test class: testScripts.CreateAccountPageTest</td>
<td></td>
<td>46</td>
<td>testScripts.CreateAccountPageTest@22d322f5</td></tr>
<tr>
<td title='testScripts.PaymentPageTest.verifyingCreditCardNumberInCompleteError()'><b>verifyingCreditCardNumberInCompleteError</b><br>Test class: testScripts.PaymentPageTest</td>
<td></td>
<td>9</td>
<td>testScripts.PaymentPageTest@7ab1127c</td></tr>
<tr>
<td title='testScripts.PaymentPageTest.verifyingCreditCardInCompleteExpYearError()'><b>verifyingCreditCardInCompleteExpYearError</b><br>Test class: testScripts.PaymentPageTest</td>
<td></td>
<td>9</td>
<td>testScripts.PaymentPageTest@7ab1127c</td></tr>
<tr>
<td title='testScripts.PaymentPageTest.verifyingGiftMessage()'><b>verifyingGiftMessage</b><br>Test class: testScripts.PaymentPageTest</td>
<td></td>
<td>16</td>
<td>testScripts.PaymentPageTest@7ab1127c</td></tr>
<tr>
<td title='testScripts.LoginPageTest.VerifyingLoginFailureWithEmptyPassword()'><b>VerifyingLoginFailureWithEmptyPassword</b><br>Test class: testScripts.LoginPageTest</td>
<td></td>
<td>9</td>
<td>testScripts.LoginPageTest@630bf683</td></tr>
<tr>
<td title='browser.launchBrowsering.verifyHomePageLaunching()'><b>verifyHomePageLaunching</b><br>Test class: browser.launchBrowsering</td>
<td></td>
<td>5</td>
<td>browser.launchBrowsering@54c622a7</td></tr>
<tr>
<td title='testScripts.PaymentPageTest.verifyingEditShippingAddress()'><b>verifyingEditShippingAddress</b><br>Test class: testScripts.PaymentPageTest</td>
<td></td>
<td>28</td>
<td>testScripts.PaymentPageTest@7ab1127c</td></tr>
<tr>
<td title='testScripts.CheckOutPage2Test.verifyingAllErrorsInShippingForm()'><b>verifyingAllErrorsInShippingForm</b><br>Test class: testScripts.CheckOutPage2Test</td>
<td></td>
<td>4</td>
<td>testScripts.CheckOutPage2Test@6723610b</td></tr>
<tr>
<td title='testScripts.FindAStoreTest.verifyFindAStore()'><b>verifyFindAStore</b><br>Test class: testScripts.FindAStoreTest</td>
<td></td>
<td>11</td>
<td>testScripts.FindAStoreTest@310ed6b4</td></tr>
<tr>
<td title='testScripts.PaymentPageTest.verifyingCreditCardExpDateInValid()'><b>verifyingCreditCardExpDateInValid</b><br>Test class: testScripts.PaymentPageTest</td>
<td></td>
<td>9</td>
<td>testScripts.PaymentPageTest@7ab1127c</td></tr>
<tr>
<td title='testScripts.PaymentPageTest.verifyingCvvAndExpErrorInCreditCard()'><b>verifyingCvvAndExpErrorInCreditCard</b><br>Test class: testScripts.PaymentPageTest</td>
<td></td>
<td>2</td>
<td>testScripts.PaymentPageTest@7ab1127c</td></tr>
<tr>
<td title='testScripts.CreateAccountPageTest.verifyCreateAccountWithValidCredentials()'><b>verifyCreateAccountWithValidCredentials</b><br>Test class: testScripts.CreateAccountPageTest</td>
<td></td>
<td>22</td>
<td>testScripts.CreateAccountPageTest@22d322f5</td></tr>
<tr>
<td title='testScripts.CheckOutPage2Test.verifyingEtgLogoDisplayInCheckOutPage2Tasks_Page()'><b>verifyingEtgLogoDisplayInCheckOutPage2Tasks_Page</b><br>Test class: testScripts.CheckOutPage2Test</td>
<td></td>
<td>0</td>
<td>testScripts.CheckOutPage2Test@6723610b</td></tr>
<tr>
<td title='testScripts.FooterPageTest.verifyinginvalidEmailInEmailSignUpBox()'><b>verifyinginvalidEmailInEmailSignUpBox</b><br>Test class: testScripts.FooterPageTest</td>
<td></td>
<td>3</td>
<td>testScripts.FooterPageTest@640cc04b</td></tr>
<tr>
<td title='testScripts.PaymentPageTest.verifyingCreditcardWithValidDetails()'><b>verifyingCreditcardWithValidDetails</b><br>Test class: testScripts.PaymentPageTest</td>
<td></td>
<td>14</td>
<td>testScripts.PaymentPageTest@7ab1127c</td></tr>
<tr>
<td title='testScripts.CheckOutPage2Test.verifyingTheAddressError()'><b>verifyingTheAddressError</b><br>Test class: testScripts.CheckOutPage2Test</td>
<td></td>
<td>14</td>
<td>testScripts.CheckOutPage2Test@6723610b</td></tr>
<tr>
<td title='testScripts.PaymentPageTest.verifyingEditCustomerInfoFromCop3()'><b>verifyingEditCustomerInfoFromCop3</b><br>Test class: testScripts.PaymentPageTest</td>
<td></td>
<td>22</td>
<td>testScripts.PaymentPageTest@7ab1127c</td></tr>
<tr>
<td title='testScripts.PaymentPageTest.verifyingCreditcardNumberInValidError()'><b>verifyingCreditcardNumberInValidError</b><br>Test class: testScripts.PaymentPageTest</td>
<td></td>
<td>8</td>
<td>testScripts.PaymentPageTest@7ab1127c</td></tr>
<tr>
<td title='testScripts.CreateAccountPageTest.verifyPhoneNumError()'><b>verifyPhoneNumError</b><br>Test class: testScripts.CreateAccountPageTest</td>
<td></td>
<td>21</td>
<td>testScripts.CreateAccountPageTest@22d322f5</td></tr>
<tr>
<td title='testScripts.PaymentPageTest.verifyingAllTheErrorsInCreditCard()'><b>verifyingAllTheErrorsInCreditCard</b><br>Test class: testScripts.PaymentPageTest</td>
<td></td>
<td>2</td>
<td>testScripts.PaymentPageTest@7ab1127c</td></tr>
<tr>
<td title='testScripts.LogOutTest.verifyLogout()'><b>verifyLogout</b><br>Test class: testScripts.LogOutTest</td>
<td></td>
<td>12</td>
<td>testScripts.LogOutTest@65afeb6d</td></tr>
<tr>
<td title='testScripts.LoginPageTest.VerifyingLoginFailureWithEmptyEmailAndPassword()'><b>VerifyingLoginFailureWithEmptyEmailAndPassword</b><br>Test class: testScripts.LoginPageTest</td>
<td></td>
<td>5</td>
<td>testScripts.LoginPageTest@630bf683</td></tr>
<tr>
<td title='testScripts.CreateAccountPageTest.verifyEmailformatError()'><b>verifyEmailformatError</b><br>Test class: testScripts.CreateAccountPageTest</td>
<td></td>
<td>20</td>
<td>testScripts.CreateAccountPageTest@22d322f5</td></tr>
<tr>
<td title='testScripts.FooterPageTest.verifyTheErrorsRecipientEmailAndConfirmEmail()'><b>verifyTheErrorsRecipientEmailAndConfirmEmail</b><br>Test class: testScripts.FooterPageTest</td>
<td></td>
<td>10</td>
<td>testScripts.FooterPageTest@640cc04b</td></tr>
<tr>
<td title='testScripts.CreateAccountPageTest.verifyPasswordMismatch()'><b>verifyPasswordMismatch</b><br>Test class: testScripts.CreateAccountPageTest</td>
<td></td>
<td>21</td>
<td>testScripts.CreateAccountPageTest@22d322f5</td></tr>
<tr>
<td title='testScripts.CheckOutPage2Test.verifyingNextPaymentButtonDisplayInCheckOutPage2Tasks_Page()'><b>verifyingNextPaymentButtonDisplayInCheckOutPage2Tasks_Page</b><br>Test class: testScripts.CheckOutPage2Test</td>
<td></td>
<td>0</td>
<td>testScripts.CheckOutPage2Test@6723610b</td></tr>
<tr>
<td title='testScripts.CheckOutPage2Test.verifyingTheErrorsInFirstName()'><b>verifyingTheErrorsInFirstName</b><br>Test class: testScripts.CheckOutPage2Test</td>
<td></td>
<td>14</td>
<td>testScripts.CheckOutPage2Test@6723610b</td></tr>
</table><p>
</body>
</html>