<?xml version="1.0" encoding="UTF-8"?>
<!-- Generated by org.testng.reporters.JUnitXMLReporter -->
<testsuite ignored="14" hostname="DESKTOP-CPG5TUI" failures="1" tests="1" name="Default test" time="4.578" errors="0" timestamp="2024-02-06T10:11:26 IST">
  <testcase classname="testScripts.ShippingPageTest" name="verifyingAddNewShippingAddressAndPlaceOrder" time="0.263">
    <failure type="org.openqa.selenium.NoSuchElementException" message="no such element: Unable to locate element: {&amp;quot;method&amp;quot;:&amp;quot;xpath&amp;quot;,&amp;quot;selector&amp;quot;:&amp;quot;(//a[@class=&amp;apos;nav-link dropdown-toggle text-uppercase font-weight-bold level-1&amp;apos;])[3]&amp;quot;}
  (Session info: chrome=121.0.6167.140)
For documentation on this error, please visit: https://www.selenium.dev/documentation/webdriver/troubleshooting/errors#no-such-element-exception
Build info: version: &amp;apos;4.16.1&amp;apos;, revision: &amp;apos;9b4c83354e&amp;apos;
System info: os.name: &amp;apos;Windows 10&amp;apos;, os.arch: &amp;apos;amd64&amp;apos;, os.version: &amp;apos;10.0&amp;apos;, java.version: &amp;apos;17.0.2&amp;apos;
Driver info: org.openqa.selenium.chrome.ChromeDriver
Command: [9b9723a9a8d6ac8aafde56be2d3ce808, findElement {using=xpath, value=(//a[@class=&amp;apos;nav-link dropdown-toggle text-uppercase font-weight-bold level-1&amp;apos;])[3]}]
Capabilities {acceptInsecureCerts: false, browserName: chrome, browserVersion: 121.0.6167.140, chrome: {chromedriverVersion: 121.0.6167.85 (3f98d690ad7e..., userDataDir: C:\Users\user\AppData\Local...}, fedcm:accounts: true, goog:chromeOptions: {debuggerAddress: localhost:52800}, networkConnectionEnabled: false, pageLoadStrategy: normal, platformName: windows, proxy: Proxy(), se:cdp: ws://localhost:52800/devtoo..., se:cdpVersion: 121.0.6167.140, setWindowRect: true, strictFileInteractability: false, timeouts: {implicit: 0, pageLoad: 300000, script: 30000}, unhandledPromptBehavior: dismiss and notify, webauthn:extension:credBlob: true, webauthn:extension:largeBlob: true, webauthn:extension:minPinLength: true, webauthn:extension:prf: true, webauthn:virtualAuthenticators: true}
Session ID: 9b9723a9a8d6ac8aafde56be2d3ce808">
      <![CDATA[org.openqa.selenium.NoSuchElementException: no such element: Unable to locate element: {"method":"xpath","selector":"(//a[@class='nav-link dropdown-toggle text-uppercase font-weight-bold level-1'])[3]"}
  (Session info: chrome=121.0.6167.140)
For documentation on this error, please visit: https://www.selenium.dev/documentation/webdriver/troubleshooting/errors#no-such-element-exception
Build info: version: '4.16.1', revision: '9b4c83354e'
System info: os.name: 'Windows 10', os.arch: 'amd64', os.version: '10.0', java.version: '17.0.2'
Driver info: org.openqa.selenium.chrome.ChromeDriver
Command: [9b9723a9a8d6ac8aafde56be2d3ce808, findElement {using=xpath, value=(//a[@class='nav-link dropdown-toggle text-uppercase font-weight-bold level-1'])[3]}]
Capabilities {acceptInsecureCerts: false, browserName: chrome, browserVersion: 121.0.6167.140, chrome: {chromedriverVersion: 121.0.6167.85 (3f98d690ad7e..., userDataDir: C:\Users\user\AppData\Local...}, fedcm:accounts: true, goog:chromeOptions: {debuggerAddress: localhost:52800}, networkConnectionEnabled: false, pageLoadStrategy: normal, platformName: windows, proxy: Proxy(), se:cdp: ws://localhost:52800/devtoo..., se:cdpVersion: 121.0.6167.140, setWindowRect: true, strictFileInteractability: false, timeouts: {implicit: 0, pageLoad: 300000, script: 30000}, unhandledPromptBehavior: dismiss and notify, webauthn:extension:credBlob: true, webauthn:extension:largeBlob: true, webauthn:extension:minPinLength: true, webauthn:extension:prf: true, webauthn:virtualAuthenticators: true}
Session ID: 9b9723a9a8d6ac8aafde56be2d3ce808
at java.base/jdk.internal.reflect.NativeConstructorAccessorImpl.newInstance0(Native Method)
at java.base/jdk.internal.reflect.NativeConstructorAccessorImpl.newInstance(NativeConstructorAccessorImpl.java:77)
at java.base/jdk.internal.reflect.DelegatingConstructorAccessorImpl.newInstance(DelegatingConstructorAccessorImpl.java:45)
at java.base/java.lang.reflect.Constructor.newInstanceWithCaller(Constructor.java:499)
at java.base/java.lang.reflect.Constructor.newInstance(Constructor.java:480)
at org.openqa.selenium.remote.codec.w3c.W3CHttpResponseCodec.createException(W3CHttpResponseCodec.java:200)
at org.openqa.selenium.remote.codec.w3c.W3CHttpResponseCodec.decode(W3CHttpResponseCodec.java:133)
at org.openqa.selenium.remote.codec.w3c.W3CHttpResponseCodec.decode(W3CHttpResponseCodec.java:52)
at org.openqa.selenium.remote.HttpCommandExecutor.execute(HttpCommandExecutor.java:191)
at org.openqa.selenium.remote.service.DriverCommandExecutor.invokeExecute(DriverCommandExecutor.java:200)
at org.openqa.selenium.remote.service.DriverCommandExecutor.execute(DriverCommandExecutor.java:175)
at org.openqa.selenium.remote.RemoteWebDriver.execute(RemoteWebDriver.java:523)
at org.openqa.selenium.remote.ElementLocation$ElementFinder$2.findElement(ElementLocation.java:165)
at org.openqa.selenium.remote.ElementLocation.findElement(ElementLocation.java:59)
at org.openqa.selenium.remote.RemoteWebDriver.findElement(RemoteWebDriver.java:360)
at org.openqa.selenium.remote.RemoteWebDriver.findElement(RemoteWebDriver.java:354)
at pageObjects.homepage.selectRandomMegaMenu(homepage.java:108)
at tasks.ProductListingPageTasks.quickShop(ProductListingPageTasks.java:67)
at tasks.HomePageTasks.miniCartBtnClick(HomePageTasks.java:97)
at tasks.ViewCartPageTasks.viewCartpage(ViewCartPageTasks.java:40)
at tasks.CheckOutPageTasks.CheckOutPageLoaded(CheckOutPageTasks.java:33)
at tasks.CheckOutPageTasks.GuestMailCheckOut(CheckOutPageTasks.java:39)
at tasks.ShippingPageTasks.shippingPage(ShippingPageTasks.java:32)
at tasks.ShippingPageTasks.addNewAddress(ShippingPageTasks.java:148)
at testScripts.ShippingPageTest.verifyingAddNewShippingAddressAndPlaceOrder(ShippingPageTest.java:77)
at java.base/jdk.internal.reflect.NativeMethodAccessorImpl.invoke0(Native Method)
at java.base/jdk.internal.reflect.NativeMethodAccessorImpl.invoke(NativeMethodAccessorImpl.java:77)
at java.base/jdk.internal.reflect.DelegatingMethodAccessorImpl.invoke(DelegatingMethodAccessorImpl.java:43)
at java.base/java.lang.reflect.Method.invoke(Method.java:568)
at org.testng.internal.invokers.MethodInvocationHelper.invokeMethod(MethodInvocationHelper.java:139)
at org.testng.internal.invokers.TestInvoker.invokeMethod(TestInvoker.java:677)
at org.testng.internal.invokers.TestInvoker.invokeTestMethod(TestInvoker.java:221)
at org.testng.internal.invokers.MethodRunner.runInSequence(MethodRunner.java:50)
at org.testng.internal.invokers.TestInvoker$MethodInvocationAgent.invoke(TestInvoker.java:969)
at org.testng.internal.invokers.TestInvoker.invokeTestMethods(TestInvoker.java:194)
at org.testng.internal.invokers.TestMethodWorker.invokeTestMethods(TestMethodWorker.java:148)
at org.testng.internal.invokers.TestMethodWorker.run(TestMethodWorker.java:128)
at java.base/java.util.ArrayList.forEach(ArrayList.java:1511)
at org.testng.TestRunner.privateRun(TestRunner.java:829)
at org.testng.TestRunner.run(TestRunner.java:602)
at org.testng.SuiteRunner.runTest(SuiteRunner.java:437)
at org.testng.SuiteRunner.runSequentially(SuiteRunner.java:431)
at org.testng.SuiteRunner.privateRun(SuiteRunner.java:391)
at org.testng.SuiteRunner.run(SuiteRunner.java:330)
at org.testng.SuiteRunnerWorker.runSuite(SuiteRunnerWorker.java:52)
at org.testng.SuiteRunnerWorker.run(SuiteRunnerWorker.java:95)
at org.testng.TestNG.runSuitesSequentially(TestNG.java:1256)
at org.testng.TestNG.runSuitesLocally(TestNG.java:1176)
at org.testng.TestNG.runSuites(TestNG.java:1099)
at org.testng.TestNG.run(TestNG.java:1067)
at org.testng.remote.AbstractRemoteTestNG.run(AbstractRemoteTestNG.java:115)
at org.testng.remote.RemoteTestNG.initAndRun(RemoteTestNG.java:251)
at org.testng.remote.RemoteTestNG.main(RemoteTestNG.java:77)
]]>
    </failure>
  </testcase> <!-- verifyingAddNewShippingAddressAndPlaceOrder -->
  <testcase classname="testScripts.ShippingPageTest" name="verifyingPaginationOfProductsInCheckOutPage2" time="0.0">
    <ignored/>
  </testcase> <!-- verifyingPaginationOfProductsInCheckOutPage2 -->
  <testcase classname="testScripts.ShippingPageTest" name="verifyingTheCustomerInfoInCheckoutPage2" time="0.0">
    <ignored/>
  </testcase> <!-- verifyingTheCustomerInfoInCheckoutPage2 -->
  <testcase classname="testScripts.ShippingPageTest" name="verifyingOrderSummaryDisplayInShippingPageTasks_Page" time="0.0">
    <ignored/>
  </testcase> <!-- verifyingOrderSummaryDisplayInShippingPageTasks_Page -->
  <testcase classname="testScripts.ShippingPageTest" name="verifyingUpdateShippingAddressAndPlaceOrder" time="0.0">
    <ignored/>
  </testcase> <!-- verifyingUpdateShippingAddressAndPlaceOrder -->
  <testcase classname="testScripts.ShippingPageTest" name="verifyingphoneNumberError" time="0.0">
    <ignored/>
  </testcase> <!-- verifyingphoneNumberError -->
  <testcase classname="testScripts.ShippingPageTest" name="verifyingAllErrorsInShippingForm" time="0.0">
    <ignored/>
  </testcase> <!-- verifyingAllErrorsInShippingForm -->
  <testcase classname="testScripts.ShippingPageTest" name="verifyingTheAddressError" time="0.0">
    <ignored/>
  </testcase> <!-- verifyingTheAddressError -->
  <testcase classname="testScripts.ShippingPageTest" name="verifyingEtgLogoDisplayInShippingPageTasks_Page" time="0.0">
    <ignored/>
  </testcase> <!-- verifyingEtgLogoDisplayInShippingPageTasks_Page -->
  <testcase classname="testScripts.ShippingPageTest" name="verifyingTheErrorsInLastName" time="0.0">
    <ignored/>
  </testcase> <!-- verifyingTheErrorsInLastName -->
  <testcase classname="testScripts.ShippingPageTest" name="verifyingWithValidShippingAddress" time="0.0">
    <ignored/>
  </testcase> <!-- verifyingWithValidShippingAddress -->
  <testcase classname="testScripts.ShippingPageTest" name="verifyingNextPaymentButtonDisplayInShippingPageTasks_Page" time="0.0">
    <ignored/>
  </testcase> <!-- verifyingNextPaymentButtonDisplayInShippingPageTasks_Page -->
  <testcase classname="testScripts.ShippingPageTest" name="verifyingBackToCartFromShippingPage" time="0.0">
    <ignored/>
  </testcase> <!-- verifyingBackToCartFromShippingPage -->
  <testcase classname="testScripts.ShippingPageTest" name="verifyingEditEmailInCheckoutPage2" time="0.0">
    <ignored/>
  </testcase> <!-- verifyingEditEmailInCheckoutPage2 -->
  <testcase classname="testScripts.ShippingPageTest" name="verifyingTheErrorsInFirstName" time="0.0">
    <ignored/>
  </testcase> <!-- verifyingTheErrorsInFirstName -->
</testsuite> <!-- Default test -->
