<!DOCTYPE html>

<html>
  <head>
  <meta charset='utf-8'>
  <title>TestNG reports</title>

    <link type="text/css" href="testng-reports1.css" rel="stylesheet" id="ultra" />
    <link type="text/css" href="testng-reports.css" rel="stylesheet" id="retro" disabled="false"/>
    <script type="text/javascript" src="jquery-3.6.0.min.js"></script>
    <script type="text/javascript" src="testng-reports.js"></script>
    <script type="text/javascript" src="https://www.google.com/jsapi"></script>
    <script type='text/javascript'>
      google.load('visualization', '1', {packages:['table']});
      google.setOnLoadCallback(drawTable);
      var suiteTableInitFunctions = new Array();
      var suiteTableData = new Array();
    </script>
    <!--
      <script type="text/javascript" src="jquery-ui/js/jquery-ui-1.8.16.custom.min.js"></script>
     -->
  </head>

  <body>    <div class="top-banner-root">
      <span class="top-banner-title-font">Test results</span>
      <button id="button" class="button">Switch Retro Theme</button> <!-- button -->
      <br/>
      <span class="top-banner-font-1">1 suite, 7 failed tests</span>
    </div> <!-- top-banner-root -->
    <div class="navigator-root">
      <div class="navigator-suite-header">
        <span>All suites</span>
        <a href="#" title="Collapse/expand all the suites" class="collapse-all-link">
          <img src="collapseall.gif" class="collapse-all-icon">
          </img> <!-- collapse-all-icon -->
        </a> <!-- collapse-all-link -->
      </div> <!-- navigator-suite-header -->
      <div class="suite">
        <div class="rounded-window">
          <div class="suite-header light-rounded-window-top">
            <a href="#" panel-name="suite-Providio_Regression_Test" class="navigator-link">
              <span class="suite-name border-failed">Providio Regression Test</span>
            </a> <!-- navigator-link -->
          </div> <!-- suite-header light-rounded-window-top -->
          <div class="navigator-suite-content">
            <div class="suite-section-title">
              <span>Info</span>
            </div> <!-- suite-section-title -->
            <div class="suite-section-content">
              <ul>
                <li>
                  <a href="#" panel-name="test-xml-Providio_Regression_Test" class="navigator-link ">
                    <span>C:\Users\user\git\Latestprovidio\OrderRegression.xml</span>
                  </a> <!-- navigator-link  -->
                </li>
                <li>
                  <a href="#" panel-name="testlist-Providio_Regression_Test" class="navigator-link ">
                    <span class="test-stats">1 test</span>
                  </a> <!-- navigator-link  -->
                </li>
                <li>
                  <a href="#" panel-name="group-Providio_Regression_Test" class="navigator-link ">
                    <span>2 groups</span>
                  </a> <!-- navigator-link  -->
                </li>
                <li>
                  <a href="#" panel-name="times-Providio_Regression_Test" class="navigator-link ">
                    <span>Times</span>
                  </a> <!-- navigator-link  -->
                </li>
                <li>
                  <a href="#" panel-name="reporter-Providio_Regression_Test" class="navigator-link ">
                    <span>Reporter output</span>
                  </a> <!-- navigator-link  -->
                </li>
                <li>
                  <a href="#" panel-name="ignored-methods-Providio_Regression_Test" class="navigator-link ">
                    <span>Ignored methods</span>
                  </a> <!-- navigator-link  -->
                </li>
                <li>
                  <a href="#" panel-name="chronological-Providio_Regression_Test" class="navigator-link ">
                    <span>Chronological view</span>
                  </a> <!-- navigator-link  -->
                </li>
              </ul>
            </div> <!-- suite-section-content -->
            <div class="result-section">
              <div class="suite-section-title">
                <span>Results</span>
              </div> <!-- suite-section-title -->
              <div class="suite-section-content">
                <ul>
                  <li>
                    <span class="method-stats">19 methods, 7 failed,  11 skipped,  1 passed</span>
                  </li>
                  <li>
                    <span class="method-list-title failed">Failed methods</span>
                    <span class="show-or-hide-methods failed">
                      <a href="#" panel-name="suite-Providio_Regression_Test" class="hide-methods failed suite-Providio_Regression_Test"> (hide)</a> <!-- hide-methods failed suite-Providio_Regression_Test -->
                      <a href="#" panel-name="suite-Providio_Regression_Test" class="show-methods failed suite-Providio_Regression_Test"> (show)</a> <!-- show-methods failed suite-Providio_Regression_Test -->
                    </span>
                    <div class="method-list-content failed suite-Providio_Regression_Test">
                      <span>
                        <img src="failed.png" width="3%"/>
                        <a href="#" panel-name="suite-Providio_Regression_Test" title="testScripts.ProductsAndItsOrderTest" class="method navigator-link" hash-for-method="VerifyingPlaceOrderWithCreditCardWhenOnlyGcInCart">VerifyingPlaceOrderWithCreditCardWhenOnlyGcInCart</a> <!-- method navigator-link -->
                      </span>
                      <br/>
                      <span>
                        <img src="failed.png" width="3%"/>
                        <a href="#" panel-name="suite-Providio_Regression_Test" title="GiftCertificateFunctionalties.gcInCart" class="method navigator-link" hash-for-method="VerifyingPlaceOrderWithCreditCardWhenOnlyGcInCart">VerifyingPlaceOrderWithCreditCardWhenOnlyGcInCart</a> <!-- method navigator-link -->
                      </span>
                      <br/>
                      <span>
                        <img src="failed.png" width="3%"/>
                        <a href="#" panel-name="suite-Providio_Regression_Test" title="testScripts.ReviewOrderTest" class="method navigator-link" hash-for-method="verifyingEditPhoneNumberInBillingAddressFromReviewOrderPageAndPlaceOrder">verifyingEditPhoneNumberInBillingAddressFromReviewOrderPageAndPlaceOrder</a> <!-- method navigator-link -->
                      </span>
                      <br/>
                      <span>
                        <img src="failed.png" width="3%"/>
                        <a href="#" panel-name="suite-Providio_Regression_Test" title="testScripts.ReviewOrderTest" class="method navigator-link" hash-for-method="verifyingTheEditBillingAddressFromReviewOrderPageAndPlaceOrder">verifyingTheEditBillingAddressFromReviewOrderPageAndPlaceOrder</a> <!-- method navigator-link -->
                      </span>
                      <br/>
                      <span>
                        <img src="failed.png" width="3%"/>
                        <a href="#" panel-name="suite-Providio_Regression_Test" title="testScripts.EditPaymentsFromReviewOrderPageTest" class="method navigator-link" hash-for-method="verifyingTheEditInPaymentInReviewOrderPageFromCreditCardToGiftCertificate">verifyingTheEditInPaymentInReviewOrderPageFromCreditCardToGiftCertificate</a> <!-- method navigator-link -->
                      </span>
                      <br/>
                      <span>
                        <img src="failed.png" width="3%"/>
                        <a href="#" panel-name="suite-Providio_Regression_Test" title="testScripts.ReviewOrderTest" class="method navigator-link" hash-for-method="verifyingTheEditPhoneNumInShippingAddressFromReviewOrderPageAndPlaceOrder">verifyingTheEditPhoneNumInShippingAddressFromReviewOrderPageAndPlaceOrder</a> <!-- method navigator-link -->
                      </span>
                      <br/>
                      <span>
                        <img src="failed.png" width="3%"/>
                        <a href="#" panel-name="suite-Providio_Regression_Test" title="testScripts.ReviewOrderTest" class="method navigator-link" hash-for-method="verifyingTheEditShippingAddressFromReviewOrderPageAndPlaceOrder">verifyingTheEditShippingAddressFromReviewOrderPageAndPlaceOrder</a> <!-- method navigator-link -->
                      </span>
                      <br/>
                    </div> <!-- method-list-content failed suite-Providio_Regression_Test -->
                  </li>
                  <li>
                    <span class="method-list-title skipped">Skipped methods</span>
                    <span class="show-or-hide-methods skipped">
                      <a href="#" panel-name="suite-Providio_Regression_Test" class="hide-methods skipped suite-Providio_Regression_Test"> (hide)</a> <!-- hide-methods skipped suite-Providio_Regression_Test -->
                      <a href="#" panel-name="suite-Providio_Regression_Test" class="show-methods skipped suite-Providio_Regression_Test"> (show)</a> <!-- show-methods skipped suite-Providio_Regression_Test -->
                    </span>
                    <div class="method-list-content skipped suite-Providio_Regression_Test">
                      <span>
                        <img src="skipped.png" width="3%"/>
                        <a href="#" panel-name="suite-Providio_Regression_Test" title="GiftCertificateFunctionalties.gcInCart" class="method navigator-link" hash-for-method="VerifyingNoVisibilityOfGiftCertificateSectionWhenGcInCart">VerifyingNoVisibilityOfGiftCertificateSectionWhenGcInCart</a> <!-- method navigator-link -->
                      </span>
                      <br/>
                      <span>
                        <img src="skipped.png" width="3%"/>
                        <a href="#" panel-name="suite-Providio_Regression_Test" title="GiftCertificateFunctionalties.gcInCart" class="method navigator-link" hash-for-method="VerifyingPlaceOrderOfGiftCertificateAndSimpleProductInCartWithCreditCard">VerifyingPlaceOrderOfGiftCertificateAndSimpleProductInCartWithCreditCard</a> <!-- method navigator-link -->
                      </span>
                      <br/>
                      <span>
                        <img src="skipped.png" width="3%"/>
                        <a href="#" panel-name="suite-Providio_Regression_Test" title="GiftCertificateFunctionalties.gcInCart" class="method navigator-link" hash-for-method="VerifyingPlaceOrderOfGiftCertificateAndSimpleProductInCartWithPaypal">VerifyingPlaceOrderOfGiftCertificateAndSimpleProductInCartWithPaypal</a> <!-- method navigator-link -->
                      </span>
                      <br/>
                      <span>
                        <img src="skipped.png" width="3%"/>
                        <a href="#" panel-name="suite-Providio_Regression_Test" title="testScripts.ProductsAndItsOrderTest" class="method navigator-link" hash-for-method="VerifyingPlaceOrderWithBuyNowButton">VerifyingPlaceOrderWithBuyNowButton</a> <!-- method navigator-link -->
                      </span>
                      <br/>
                      <span>
                        <img src="skipped.png" width="3%"/>
                        <a href="#" panel-name="suite-Providio_Regression_Test" title="testScripts.ProductsAndItsOrderTest" class="method navigator-link" hash-for-method="VerifyingPlaceOrderWithBuyNowPopUp">VerifyingPlaceOrderWithBuyNowPopUp</a> <!-- method navigator-link -->
                      </span>
                      <br/>
                      <span>
                        <img src="skipped.png" width="3%"/>
                        <a href="#" panel-name="suite-Providio_Regression_Test" title="GiftCertificateFunctionalties.gcInCart" class="method navigator-link" hash-for-method="VerifyingPlaceOrderWithPaypalWhenOnlyGcInCart">VerifyingPlaceOrderWithPaypalWhenOnlyGcInCart</a> <!-- method navigator-link -->
                      </span>
                      <br/>
                      <span>
                        <img src="skipped.png" width="3%"/>
                        <a href="#" panel-name="suite-Providio_Regression_Test" title="testScripts.EditPaymentsFromReviewOrderPageTest" class="method navigator-link" hash-for-method="verifyingTheEditInPaymentInReviewOrderPageFromCreditCardToPaypal">verifyingTheEditInPaymentInReviewOrderPageFromCreditCardToPaypal</a> <!-- method navigator-link -->
                      </span>
                      <br/>
                      <span>
                        <img src="skipped.png" width="3%"/>
                        <a href="#" panel-name="suite-Providio_Regression_Test" title="testScripts.EditPaymentsFromReviewOrderPageTest" class="method navigator-link" hash-for-method="verifyingTheEditInPaymentInReviewOrderPageFromGiftCertificateToCreditCard">verifyingTheEditInPaymentInReviewOrderPageFromGiftCertificateToCreditCard</a> <!-- method navigator-link -->
                      </span>
                      <br/>
                      <span>
                        <img src="skipped.png" width="3%"/>
                        <a href="#" panel-name="suite-Providio_Regression_Test" title="testScripts.EditPaymentsFromReviewOrderPageTest" class="method navigator-link" hash-for-method="verifyingTheEditInPaymentInReviewOrderPageFromGiftCertificateToPaypal">verifyingTheEditInPaymentInReviewOrderPageFromGiftCertificateToPaypal</a> <!-- method navigator-link -->
                      </span>
                      <br/>
                      <span>
                        <img src="skipped.png" width="3%"/>
                        <a href="#" panel-name="suite-Providio_Regression_Test" title="testScripts.EditPaymentsFromReviewOrderPageTest" class="method navigator-link" hash-for-method="verifyingTheEditInPaymentInReviewOrderPageFromPaypalToCreditCard">verifyingTheEditInPaymentInReviewOrderPageFromPaypalToCreditCard</a> <!-- method navigator-link -->
                      </span>
                      <br/>
                      <span>
                        <img src="skipped.png" width="3%"/>
                        <a href="#" panel-name="suite-Providio_Regression_Test" title="testScripts.EditPaymentsFromReviewOrderPageTest" class="method navigator-link" hash-for-method="verifyingTheEditInPaymentInReviewOrderPageFromPaypalToGiftCertificate">verifyingTheEditInPaymentInReviewOrderPageFromPaypalToGiftCertificate</a> <!-- method navigator-link -->
                      </span>
                      <br/>
                    </div> <!-- method-list-content skipped suite-Providio_Regression_Test -->
                  </li>
                  <li>
                    <span class="method-list-title passed">Passed methods</span>
                    <span class="show-or-hide-methods passed">
                      <a href="#" panel-name="suite-Providio_Regression_Test" class="hide-methods passed suite-Providio_Regression_Test"> (hide)</a> <!-- hide-methods passed suite-Providio_Regression_Test -->
                      <a href="#" panel-name="suite-Providio_Regression_Test" class="show-methods passed suite-Providio_Regression_Test"> (show)</a> <!-- show-methods passed suite-Providio_Regression_Test -->
                    </span>
                    <div class="method-list-content passed suite-Providio_Regression_Test">
                      <span>
                        <img src="passed.png" width="3%"/>
                        <a href="#" panel-name="suite-Providio_Regression_Test" title="browser.launchBrowsering" class="method navigator-link" hash-for-method="verifyHomePageLaunching">verifyHomePageLaunching</a> <!-- method navigator-link -->
                      </span>
                      <br/>
                    </div> <!-- method-list-content passed suite-Providio_Regression_Test -->
                  </li>
                </ul>
              </div> <!-- suite-section-content -->
            </div> <!-- result-section -->
          </div> <!-- navigator-suite-content -->
        </div> <!-- rounded-window -->
      </div> <!-- suite -->
    </div> <!-- navigator-root -->
    <div class="wrapper">
      <div class="main-panel-root">
        <div panel-name="suite-Providio_Regression_Test" class="panel Providio_Regression_Test">
          <div class="suite-Providio_Regression_Test-class-failed">
            <div class="main-panel-header rounded-window-top">
              <img src="failed.png"/>
              <span class="class-name">testScripts.ProductsAndItsOrderTest</span>
            </div> <!-- main-panel-header rounded-window-top -->
            <div class="main-panel-content rounded-window-bottom">
              <div class="method">
                <div class="method-content">
                  <a name="VerifyingPlaceOrderWithCreditCardWhenOnlyGcInCart">
                  </a> <!-- VerifyingPlaceOrderWithCreditCardWhenOnlyGcInCart -->
                  <span class="method-name">VerifyingPlaceOrderWithCreditCardWhenOnlyGcInCart</span>
                  <div class="stack-trace">org.openqa.selenium.NoSuchWindowException: no such window: target window already closed
from unknown error: web view not found
  (Session info: chrome=121.0.6167.161)
Build info: version: &apos;4.16.1&apos;, revision: &apos;9b4c83354e&apos;
System info: os.name: &apos;Windows 10&apos;, os.arch: &apos;amd64&apos;, os.version: &apos;10.0&apos;, java.version: &apos;17.0.2&apos;
Driver info: org.openqa.selenium.chrome.ChromeDriver
Command: [a4a1a7e7f63a53a3bcad15cde8cd3471, findElement {using=xpath, value=//a[contains(text(),&apos;Gift Registry&apos;)]}]
Capabilities {acceptInsecureCerts: false, browserName: chrome, browserVersion: 121.0.6167.161, chrome: {chromedriverVersion: 121.0.6167.85 (3f98d690ad7e..., userDataDir: C:\Users\user\AppData\Local...}, fedcm:accounts: true, goog:chromeOptions: {debuggerAddress: localhost:60891}, networkConnectionEnabled: false, pageLoadStrategy: normal, platformName: windows, proxy: Proxy(), se:cdp: ws://localhost:60891/devtoo..., se:cdpVersion: 121.0.6167.161, setWindowRect: true, strictFileInteractability: false, timeouts: {implicit: 0, pageLoad: 300000, script: 30000}, unhandledPromptBehavior: dismiss and notify, webauthn:extension:credBlob: true, webauthn:extension:largeBlob: true, webauthn:extension:minPinLength: true, webauthn:extension:prf: true, webauthn:virtualAuthenticators: true}
Session ID: a4a1a7e7f63a53a3bcad15cde8cd3471
	at org.openqa.selenium.remote.codec.w3c.W3CHttpResponseCodec.createException(W3CHttpResponseCodec.java:200)
	at org.openqa.selenium.remote.codec.w3c.W3CHttpResponseCodec.decode(W3CHttpResponseCodec.java:133)
	at org.openqa.selenium.remote.codec.w3c.W3CHttpResponseCodec.decode(W3CHttpResponseCodec.java:52)
	at org.openqa.selenium.remote.HttpCommandExecutor.execute(HttpCommandExecutor.java:191)
	at org.openqa.selenium.remote.service.DriverCommandExecutor.invokeExecute(DriverCommandExecutor.java:200)
	at org.openqa.selenium.remote.service.DriverCommandExecutor.execute(DriverCommandExecutor.java:175)
	at org.openqa.selenium.remote.RemoteWebDriver.execute(RemoteWebDriver.java:523)
	at org.openqa.selenium.remote.ElementLocation$ElementFinder$2.findElement(ElementLocation.java:165)
	at org.openqa.selenium.remote.ElementLocation.findElement(ElementLocation.java:59)
	at org.openqa.selenium.remote.RemoteWebDriver.findElement(RemoteWebDriver.java:360)
	at org.openqa.selenium.remote.RemoteWebDriver.findElement(RemoteWebDriver.java:354)
	at org.openqa.selenium.support.pagefactory.DefaultElementLocator.findElement(DefaultElementLocator.java:68)
	at org.openqa.selenium.support.pagefactory.internal.LocatingElementHandler.invoke(LocatingElementHandler.java:38)
	at jdk.proxy2/jdk.proxy2.$Proxy14.getWrappedElement(Unknown Source)
	at org.openqa.selenium.remote.internal.WebElementToJsonConverter.apply(WebElementToJsonConverter.java:51)
	at java.base/java.util.stream.ReferencePipeline$3$1.accept(ReferencePipeline.java:197)
	at java.base/java.util.Spliterators$ArraySpliterator.forEachRemaining(Spliterators.java:992)
	at java.base/java.util.stream.AbstractPipeline.copyInto(AbstractPipeline.java:509)
	at java.base/java.util.stream.AbstractPipeline.wrapAndCopyInto(AbstractPipeline.java:499)
	at java.base/java.util.stream.ReduceOps$ReduceOp.evaluateSequential(ReduceOps.java:921)
	at java.base/java.util.stream.AbstractPipeline.evaluate(AbstractPipeline.java:234)
	at java.base/java.util.stream.ReferencePipeline.collect(ReferencePipeline.java:682)
	at org.openqa.selenium.remote.RemoteWebDriver.executeScript(RemoteWebDriver.java:466)
	at functionality.Actionsss.highlightElement(Actionsss.java:232)
	at functionality.Actionsss.javascriptClick(Actionsss.java:71)
	at tasks.GiftCertificatePageTasks.giftCertificatePage(GiftCertificatePageTasks.java:22)
	at tasks.GiftCertificatePageTasks.giftCertificateForm(GiftCertificatePageTasks.java:60)
	at tasks.ProductsAndItsOrdersTasks.OnlyGcInCartWithCreditCard(ProductsAndItsOrdersTasks.java:31)
	at testScripts.ProductsAndItsOrderTest.VerifyingPlaceOrderWithCreditCardWhenOnlyGcInCart(ProductsAndItsOrderTest.java:13)
	at java.base/java.util.ArrayList.forEach(ArrayList.java:1511)
... Removed 32 stack frames
</div> <!-- stack-trace -->
                </div> <!-- method-content -->
              </div> <!-- method -->
            </div> <!-- main-panel-content rounded-window-bottom -->
          </div> <!-- suite-Providio_Regression_Test-class-failed -->
          <div class="suite-Providio_Regression_Test-class-failed">
            <div class="main-panel-header rounded-window-top">
              <img src="failed.png"/>
              <span class="class-name">testScripts.EditPaymentsFromReviewOrderPageTest</span>
            </div> <!-- main-panel-header rounded-window-top -->
            <div class="main-panel-content rounded-window-bottom">
              <div class="method">
                <div class="method-content">
                  <a name="verifyingTheEditInPaymentInReviewOrderPageFromCreditCardToGiftCertificate">
                  </a> <!-- verifyingTheEditInPaymentInReviewOrderPageFromCreditCardToGiftCertificate -->
                  <span class="method-name">verifyingTheEditInPaymentInReviewOrderPageFromCreditCardToGiftCertificate</span>
                  <div class="stack-trace">org.openqa.selenium.NoSuchWindowException: no such window: target window already closed
from unknown error: web view not found
  (Session info: chrome=121.0.6167.161)
Build info: version: &apos;4.16.1&apos;, revision: &apos;9b4c83354e&apos;
System info: os.name: &apos;Windows 10&apos;, os.arch: &apos;amd64&apos;, os.version: &apos;10.0&apos;, java.version: &apos;17.0.2&apos;
Driver info: org.openqa.selenium.chrome.ChromeDriver
Command: [a4a1a7e7f63a53a3bcad15cde8cd3471, findElements {using=xpath, value=//div[@data-customer-type=&apos;guest&apos;]}]
Capabilities {acceptInsecureCerts: false, browserName: chrome, browserVersion: 121.0.6167.161, chrome: {chromedriverVersion: 121.0.6167.85 (3f98d690ad7e..., userDataDir: C:\Users\user\AppData\Local...}, fedcm:accounts: true, goog:chromeOptions: {debuggerAddress: localhost:60891}, networkConnectionEnabled: false, pageLoadStrategy: normal, platformName: windows, proxy: Proxy(), se:cdp: ws://localhost:60891/devtoo..., se:cdpVersion: 121.0.6167.161, setWindowRect: true, strictFileInteractability: false, timeouts: {implicit: 0, pageLoad: 300000, script: 30000}, unhandledPromptBehavior: dismiss and notify, webauthn:extension:credBlob: true, webauthn:extension:largeBlob: true, webauthn:extension:minPinLength: true, webauthn:extension:prf: true, webauthn:virtualAuthenticators: true}
Session ID: a4a1a7e7f63a53a3bcad15cde8cd3471
	at org.openqa.selenium.remote.codec.w3c.W3CHttpResponseCodec.createException(W3CHttpResponseCodec.java:200)
	at org.openqa.selenium.remote.codec.w3c.W3CHttpResponseCodec.decode(W3CHttpResponseCodec.java:133)
	at org.openqa.selenium.remote.codec.w3c.W3CHttpResponseCodec.decode(W3CHttpResponseCodec.java:52)
	at org.openqa.selenium.remote.HttpCommandExecutor.execute(HttpCommandExecutor.java:191)
	at org.openqa.selenium.remote.service.DriverCommandExecutor.invokeExecute(DriverCommandExecutor.java:200)
	at org.openqa.selenium.remote.service.DriverCommandExecutor.execute(DriverCommandExecutor.java:175)
	at org.openqa.selenium.remote.RemoteWebDriver.execute(RemoteWebDriver.java:523)
	at org.openqa.selenium.remote.ElementLocation$ElementFinder$2.findElements(ElementLocation.java:182)
	at org.openqa.selenium.remote.ElementLocation.findElements(ElementLocation.java:103)
	at org.openqa.selenium.remote.RemoteWebDriver.findElements(RemoteWebDriver.java:373)
	at org.openqa.selenium.remote.RemoteWebDriver.findElements(RemoteWebDriver.java:367)
	at tasks.CheckOutPageTasks.CheckOutPageLoaded(CheckOutPageTasks.java:26)
	at tasks.CheckOutPageTasks.GuestMailCheckOut(CheckOutPageTasks.java:38)
	at tasks.ShippingPageTasks.shippingPage(ShippingPageTasks.java:28)
	at tasks.ShippingPageTasks.enterValidAddress(ShippingPageTasks.java:135)
	at tasks.PaymentPageTasks.paymentPageView(PaymentPageTasks.java:38)
	at tasks.PaymentPageTasks.creditCardWithValidDetails(PaymentPageTasks.java:263)
	at tasks.EditPaymentsFromReviewOrderPageTasks.editCreditToGiftCertificate(EditPaymentsFromReviewOrderPageTasks.java:12)
	at testScripts.EditPaymentsFromReviewOrderPageTest.verifyingTheEditInPaymentInReviewOrderPageFromCreditCardToGiftCertificate(EditPaymentsFromReviewOrderPageTest.java:13)
	at java.base/java.util.ArrayList.forEach(ArrayList.java:1511)
... Removed 32 stack frames
</div> <!-- stack-trace -->
                </div> <!-- method-content -->
              </div> <!-- method -->
            </div> <!-- main-panel-content rounded-window-bottom -->
          </div> <!-- suite-Providio_Regression_Test-class-failed -->
          <div class="suite-Providio_Regression_Test-class-failed">
            <div class="main-panel-header rounded-window-top">
              <img src="failed.png"/>
              <span class="class-name">GiftCertificateFunctionalties.gcInCart</span>
            </div> <!-- main-panel-header rounded-window-top -->
            <div class="main-panel-content rounded-window-bottom">
              <div class="method">
                <div class="method-content">
                  <a name="VerifyingPlaceOrderWithCreditCardWhenOnlyGcInCart">
                  </a> <!-- VerifyingPlaceOrderWithCreditCardWhenOnlyGcInCart -->
                  <span class="method-name">VerifyingPlaceOrderWithCreditCardWhenOnlyGcInCart</span>
                  <div class="stack-trace">org.openqa.selenium.NoSuchWindowException: no such window: target window already closed
from unknown error: web view not found
  (Session info: chrome=121.0.6167.161)
Build info: version: &apos;4.16.1&apos;, revision: &apos;9b4c83354e&apos;
System info: os.name: &apos;Windows 10&apos;, os.arch: &apos;amd64&apos;, os.version: &apos;10.0&apos;, java.version: &apos;17.0.2&apos;
Driver info: org.openqa.selenium.chrome.ChromeDriver
Command: [a4a1a7e7f63a53a3bcad15cde8cd3471, findElement {using=xpath, value=//a[contains(text(),&apos;Gift Registry&apos;)]}]
Capabilities {acceptInsecureCerts: false, browserName: chrome, browserVersion: 121.0.6167.161, chrome: {chromedriverVersion: 121.0.6167.85 (3f98d690ad7e..., userDataDir: C:\Users\user\AppData\Local...}, fedcm:accounts: true, goog:chromeOptions: {debuggerAddress: localhost:60891}, networkConnectionEnabled: false, pageLoadStrategy: normal, platformName: windows, proxy: Proxy(), se:cdp: ws://localhost:60891/devtoo..., se:cdpVersion: 121.0.6167.161, setWindowRect: true, strictFileInteractability: false, timeouts: {implicit: 0, pageLoad: 300000, script: 30000}, unhandledPromptBehavior: dismiss and notify, webauthn:extension:credBlob: true, webauthn:extension:largeBlob: true, webauthn:extension:minPinLength: true, webauthn:extension:prf: true, webauthn:virtualAuthenticators: true}
Session ID: a4a1a7e7f63a53a3bcad15cde8cd3471
	at org.openqa.selenium.remote.codec.w3c.W3CHttpResponseCodec.createException(W3CHttpResponseCodec.java:200)
	at org.openqa.selenium.remote.codec.w3c.W3CHttpResponseCodec.decode(W3CHttpResponseCodec.java:133)
	at org.openqa.selenium.remote.codec.w3c.W3CHttpResponseCodec.decode(W3CHttpResponseCodec.java:52)
	at org.openqa.selenium.remote.HttpCommandExecutor.execute(HttpCommandExecutor.java:191)
	at org.openqa.selenium.remote.service.DriverCommandExecutor.invokeExecute(DriverCommandExecutor.java:200)
	at org.openqa.selenium.remote.service.DriverCommandExecutor.execute(DriverCommandExecutor.java:175)
	at org.openqa.selenium.remote.RemoteWebDriver.execute(RemoteWebDriver.java:523)
	at org.openqa.selenium.remote.ElementLocation$ElementFinder$2.findElement(ElementLocation.java:165)
	at org.openqa.selenium.remote.ElementLocation.findElement(ElementLocation.java:59)
	at org.openqa.selenium.remote.RemoteWebDriver.findElement(RemoteWebDriver.java:360)
	at org.openqa.selenium.remote.RemoteWebDriver.findElement(RemoteWebDriver.java:354)
	at org.openqa.selenium.support.pagefactory.DefaultElementLocator.findElement(DefaultElementLocator.java:68)
	at org.openqa.selenium.support.pagefactory.internal.LocatingElementHandler.invoke(LocatingElementHandler.java:38)
	at jdk.proxy2/jdk.proxy2.$Proxy14.getWrappedElement(Unknown Source)
	at org.openqa.selenium.remote.internal.WebElementToJsonConverter.apply(WebElementToJsonConverter.java:51)
	at java.base/java.util.stream.ReferencePipeline$3$1.accept(ReferencePipeline.java:197)
	at java.base/java.util.Spliterators$ArraySpliterator.forEachRemaining(Spliterators.java:992)
	at java.base/java.util.stream.AbstractPipeline.copyInto(AbstractPipeline.java:509)
	at java.base/java.util.stream.AbstractPipeline.wrapAndCopyInto(AbstractPipeline.java:499)
	at java.base/java.util.stream.ReduceOps$ReduceOp.evaluateSequential(ReduceOps.java:921)
	at java.base/java.util.stream.AbstractPipeline.evaluate(AbstractPipeline.java:234)
	at java.base/java.util.stream.ReferencePipeline.collect(ReferencePipeline.java:682)
	at org.openqa.selenium.remote.RemoteWebDriver.executeScript(RemoteWebDriver.java:466)
	at functionality.Actionsss.highlightElement(Actionsss.java:232)
	at functionality.Actionsss.javascriptClick(Actionsss.java:71)
	at tasks.GiftCertificatePageTasks.giftCertificatePage(GiftCertificatePageTasks.java:22)
	at tasks.GiftCertificatePageTasks.giftCertificateForm(GiftCertificatePageTasks.java:60)
	at tasks.ProductsAndItsOrdersTasks.OnlyGcInCartWithCreditCard(ProductsAndItsOrdersTasks.java:31)
	at GiftCertificateFunctionalties.gcInCart.VerifyingPlaceOrderWithCreditCardWhenOnlyGcInCart(gcInCart.java:13)
	at java.base/java.util.ArrayList.forEach(ArrayList.java:1511)
... Removed 32 stack frames
</div> <!-- stack-trace -->
                </div> <!-- method-content -->
              </div> <!-- method -->
            </div> <!-- main-panel-content rounded-window-bottom -->
          </div> <!-- suite-Providio_Regression_Test-class-failed -->
          <div class="suite-Providio_Regression_Test-class-failed">
            <div class="main-panel-header rounded-window-top">
              <img src="failed.png"/>
              <span class="class-name">testScripts.ReviewOrderTest</span>
            </div> <!-- main-panel-header rounded-window-top -->
            <div class="main-panel-content rounded-window-bottom">
              <div class="method">
                <div class="method-content">
                  <a name="verifyingEditPhoneNumberInBillingAddressFromReviewOrderPageAndPlaceOrder">
                  </a> <!-- verifyingEditPhoneNumberInBillingAddressFromReviewOrderPageAndPlaceOrder -->
                  <span class="method-name">verifyingEditPhoneNumberInBillingAddressFromReviewOrderPageAndPlaceOrder</span>
                  <div class="stack-trace">org.openqa.selenium.NoSuchWindowException: no such window: target window already closed
from unknown error: web view not found
  (Session info: chrome=121.0.6167.161)
Build info: version: &apos;4.16.1&apos;, revision: &apos;9b4c83354e&apos;
System info: os.name: &apos;Windows 10&apos;, os.arch: &apos;amd64&apos;, os.version: &apos;10.0&apos;, java.version: &apos;17.0.2&apos;
Driver info: org.openqa.selenium.chrome.ChromeDriver
Command: [a4a1a7e7f63a53a3bcad15cde8cd3471, getElementAttribute {id=4CC95643EDF7D7BD80EB88BF6A0ABCB5_element_412, name=index}]
Capabilities {acceptInsecureCerts: false, browserName: chrome, browserVersion: 121.0.6167.161, chrome: {chromedriverVersion: 121.0.6167.85 (3f98d690ad7e..., userDataDir: C:\Users\user\AppData\Local...}, fedcm:accounts: true, goog:chromeOptions: {debuggerAddress: localhost:60891}, networkConnectionEnabled: false, pageLoadStrategy: normal, platformName: windows, proxy: Proxy(), se:cdp: ws://localhost:60891/devtoo..., se:cdpVersion: 121.0.6167.161, setWindowRect: true, strictFileInteractability: false, timeouts: {implicit: 0, pageLoad: 300000, script: 30000}, unhandledPromptBehavior: dismiss and notify, webauthn:extension:credBlob: true, webauthn:extension:largeBlob: true, webauthn:extension:minPinLength: true, webauthn:extension:prf: true, webauthn:virtualAuthenticators: true}
Element: [[[[ChromeDriver: chrome on windows (a4a1a7e7f63a53a3bcad15cde8cd3471)] -&gt; xpath: //select[@id =&apos;expirationMonth&apos;]]] -&gt; tag name: option]
Session ID: a4a1a7e7f63a53a3bcad15cde8cd3471
	at org.openqa.selenium.remote.codec.w3c.W3CHttpResponseCodec.createException(W3CHttpResponseCodec.java:200)
	at org.openqa.selenium.remote.codec.w3c.W3CHttpResponseCodec.decode(W3CHttpResponseCodec.java:133)
	at org.openqa.selenium.remote.codec.w3c.W3CHttpResponseCodec.decode(W3CHttpResponseCodec.java:52)
	at org.openqa.selenium.remote.HttpCommandExecutor.execute(HttpCommandExecutor.java:191)
	at org.openqa.selenium.remote.service.DriverCommandExecutor.invokeExecute(DriverCommandExecutor.java:200)
	at org.openqa.selenium.remote.service.DriverCommandExecutor.execute(DriverCommandExecutor.java:175)
	at org.openqa.selenium.remote.RemoteWebDriver.execute(RemoteWebDriver.java:523)
	at org.openqa.selenium.remote.RemoteWebElement.execute(RemoteWebElement.java:224)
	at org.openqa.selenium.remote.RemoteWebElement.getAttribute(RemoteWebElement.java:150)
	at org.openqa.selenium.support.ui.Select.setSelectedByIndex(Select.java:298)
	at org.openqa.selenium.support.ui.Select.selectByIndex(Select.java:179)
	at functionality.Actionsss.selectValue(Actionsss.java:58)
	at CreditCardPayment.CyberSourcePayment.cyberSourceExpMonth(CyberSourcePayment.java:75)
	at CreditCardPayment.CyberSourcePayment.cyberSourcePayment(CyberSourcePayment.java:46)
	at CreditCardPayment.CyberSourcePayment.cyberSource(CyberSourcePayment.java:27)
	at CreditCardPayment.CreditCardDetails.creditCardDetails(CreditCardDetails.java:28)
	at tasks.PaymentPageTasks.creditCardWithValidDetails(PaymentPageTasks.java:264)
	at tasks.ReviewOrderPageTask.editPhoneNumberInBillingAddress(ReviewOrderPageTask.java:211)
	at testScripts.ReviewOrderTest.verifyingEditPhoneNumberInBillingAddressFromReviewOrderPageAndPlaceOrder(ReviewOrderTest.java:74)
	at java.base/java.util.ArrayList.forEach(ArrayList.java:1511)
... Removed 32 stack frames
</div> <!-- stack-trace -->
                </div> <!-- method-content -->
              </div> <!-- method -->
              <div class="method">
                <div class="method-content">
                  <a name="verifyingTheEditBillingAddressFromReviewOrderPageAndPlaceOrder">
                  </a> <!-- verifyingTheEditBillingAddressFromReviewOrderPageAndPlaceOrder -->
                  <span class="method-name">verifyingTheEditBillingAddressFromReviewOrderPageAndPlaceOrder</span>
                  <div class="stack-trace">org.openqa.selenium.ElementNotInteractableException: element not interactable
  (Session info: chrome=121.0.6167.161)
Build info: version: &apos;4.16.1&apos;, revision: &apos;9b4c83354e&apos;
System info: os.name: &apos;Windows 10&apos;, os.arch: &apos;amd64&apos;, os.version: &apos;10.0&apos;, java.version: &apos;17.0.2&apos;
Driver info: org.openqa.selenium.chrome.ChromeDriver
Command: [a4a1a7e7f63a53a3bcad15cde8cd3471, clearElement {id=4CC95643EDF7D7BD80EB88BF6A0ABCB5_element_243}]
Capabilities {acceptInsecureCerts: false, browserName: chrome, browserVersion: 121.0.6167.161, chrome: {chromedriverVersion: 121.0.6167.85 (3f98d690ad7e..., userDataDir: C:\Users\user\AppData\Local...}, fedcm:accounts: true, goog:chromeOptions: {debuggerAddress: localhost:60891}, networkConnectionEnabled: false, pageLoadStrategy: normal, platformName: windows, proxy: Proxy(), se:cdp: ws://localhost:60891/devtoo..., se:cdpVersion: 121.0.6167.161, setWindowRect: true, strictFileInteractability: false, timeouts: {implicit: 0, pageLoad: 300000, script: 30000}, unhandledPromptBehavior: dismiss and notify, webauthn:extension:credBlob: true, webauthn:extension:largeBlob: true, webauthn:extension:minPinLength: true, webauthn:extension:prf: true, webauthn:virtualAuthenticators: true}
Element: [[ChromeDriver: chrome on windows (a4a1a7e7f63a53a3bcad15cde8cd3471)] -&gt; id: billingAddressOne]
Session ID: a4a1a7e7f63a53a3bcad15cde8cd3471
	at org.openqa.selenium.remote.codec.w3c.W3CHttpResponseCodec.createException(W3CHttpResponseCodec.java:200)
	at org.openqa.selenium.remote.codec.w3c.W3CHttpResponseCodec.decode(W3CHttpResponseCodec.java:133)
	at org.openqa.selenium.remote.codec.w3c.W3CHttpResponseCodec.decode(W3CHttpResponseCodec.java:52)
	at org.openqa.selenium.remote.HttpCommandExecutor.execute(HttpCommandExecutor.java:191)
	at org.openqa.selenium.remote.service.DriverCommandExecutor.invokeExecute(DriverCommandExecutor.java:200)
	at org.openqa.selenium.remote.service.DriverCommandExecutor.execute(DriverCommandExecutor.java:175)
	at org.openqa.selenium.remote.RemoteWebDriver.execute(RemoteWebDriver.java:523)
	at org.openqa.selenium.remote.RemoteWebElement.execute(RemoteWebElement.java:224)
	at org.openqa.selenium.remote.RemoteWebElement.clear(RemoteWebElement.java:130)
	at org.openqa.selenium.support.pagefactory.internal.LocatingElementHandler.invoke(LocatingElementHandler.java:51)
	at jdk.proxy2/jdk.proxy2.$Proxy14.clear(Unknown Source)
	at functionality.Actionsss.editBillingAddressFromRop(Actionsss.java:488)
	at tasks.ReviewOrderPageTask.editBillingAddressFromReviewOrderPage(ReviewOrderPageTask.java:182)
	at testScripts.ReviewOrderTest.verifyingTheEditBillingAddressFromReviewOrderPageAndPlaceOrder(ReviewOrderTest.java:69)
	at java.base/java.util.ArrayList.forEach(ArrayList.java:1511)
... Removed 36 stack frames
</div> <!-- stack-trace -->
                </div> <!-- method-content -->
              </div> <!-- method -->
              <div class="method">
                <div class="method-content">
                  <a name="verifyingTheEditPhoneNumInShippingAddressFromReviewOrderPageAndPlaceOrder">
                  </a> <!-- verifyingTheEditPhoneNumInShippingAddressFromReviewOrderPageAndPlaceOrder -->
                  <span class="method-name">verifyingTheEditPhoneNumInShippingAddressFromReviewOrderPageAndPlaceOrder</span>
                  <div class="stack-trace">org.openqa.selenium.ElementNotInteractableException: element not interactable: Element is not currently visible and may not be manipulated
  (Session info: chrome=121.0.6167.161)
Build info: version: &apos;4.16.1&apos;, revision: &apos;9b4c83354e&apos;
System info: os.name: &apos;Windows 10&apos;, os.arch: &apos;amd64&apos;, os.version: &apos;10.0&apos;, java.version: &apos;17.0.2&apos;
Driver info: org.openqa.selenium.chrome.ChromeDriver
Command: [a4a1a7e7f63a53a3bcad15cde8cd3471, clickElement {id=4CC95643EDF7D7BD80EB88BF6A0ABCB5_element_420}]
Capabilities {acceptInsecureCerts: false, browserName: chrome, browserVersion: 121.0.6167.161, chrome: {chromedriverVersion: 121.0.6167.85 (3f98d690ad7e..., userDataDir: C:\Users\user\AppData\Local...}, fedcm:accounts: true, goog:chromeOptions: {debuggerAddress: localhost:60891}, networkConnectionEnabled: false, pageLoadStrategy: normal, platformName: windows, proxy: Proxy(), se:cdp: ws://localhost:60891/devtoo..., se:cdpVersion: 121.0.6167.161, setWindowRect: true, strictFileInteractability: false, timeouts: {implicit: 0, pageLoad: 300000, script: 30000}, unhandledPromptBehavior: dismiss and notify, webauthn:extension:credBlob: true, webauthn:extension:largeBlob: true, webauthn:extension:minPinLength: true, webauthn:extension:prf: true, webauthn:virtualAuthenticators: true}
Element: [[[[ChromeDriver: chrome on windows (a4a1a7e7f63a53a3bcad15cde8cd3471)] -&gt; xpath: //select[@id =&apos;expirationMonth&apos;]]] -&gt; tag name: option]
Session ID: a4a1a7e7f63a53a3bcad15cde8cd3471
	at org.openqa.selenium.remote.codec.w3c.W3CHttpResponseCodec.createException(W3CHttpResponseCodec.java:200)
	at org.openqa.selenium.remote.codec.w3c.W3CHttpResponseCodec.decode(W3CHttpResponseCodec.java:133)
	at org.openqa.selenium.remote.codec.w3c.W3CHttpResponseCodec.decode(W3CHttpResponseCodec.java:52)
	at org.openqa.selenium.remote.HttpCommandExecutor.execute(HttpCommandExecutor.java:191)
	at org.openqa.selenium.remote.service.DriverCommandExecutor.invokeExecute(DriverCommandExecutor.java:200)
	at org.openqa.selenium.remote.service.DriverCommandExecutor.execute(DriverCommandExecutor.java:175)
	at org.openqa.selenium.remote.RemoteWebDriver.execute(RemoteWebDriver.java:523)
	at org.openqa.selenium.remote.RemoteWebElement.execute(RemoteWebElement.java:224)
	at org.openqa.selenium.remote.RemoteWebElement.click(RemoteWebElement.java:77)
	at org.openqa.selenium.support.ui.Select.setSelected(Select.java:315)
	at org.openqa.selenium.support.ui.Select.setSelectedByIndex(Select.java:299)
	at org.openqa.selenium.support.ui.Select.selectByIndex(Select.java:179)
	at functionality.Actionsss.selectValue(Actionsss.java:58)
	at CreditCardPayment.CyberSourcePayment.cyberSourceExpMonth(CyberSourcePayment.java:75)
	at CreditCardPayment.CyberSourcePayment.cyberSourcePayment(CyberSourcePayment.java:46)
	at CreditCardPayment.CyberSourcePayment.cyberSource(CyberSourcePayment.java:27)
	at CreditCardPayment.CreditCardDetails.creditCardDetails(CreditCardDetails.java:28)
	at tasks.PaymentPageTasks.creditCardWithValidDetails(PaymentPageTasks.java:264)
	at tasks.ReviewOrderPageTask.editPhoneNumInShippingAddressFromReviewOrderPage(ReviewOrderPageTask.java:156)
	at testScripts.ReviewOrderTest.verifyingTheEditPhoneNumInShippingAddressFromReviewOrderPageAndPlaceOrder(ReviewOrderTest.java:62)
	at java.base/java.util.ArrayList.forEach(ArrayList.java:1511)
... Removed 32 stack frames
</div> <!-- stack-trace -->
                </div> <!-- method-content -->
              </div> <!-- method -->
              <div class="method">
                <div class="method-content">
                  <a name="verifyingTheEditShippingAddressFromReviewOrderPageAndPlaceOrder">
                  </a> <!-- verifyingTheEditShippingAddressFromReviewOrderPageAndPlaceOrder -->
                  <span class="method-name">verifyingTheEditShippingAddressFromReviewOrderPageAndPlaceOrder</span>
                  <div class="stack-trace">org.openqa.selenium.ElementNotInteractableException: element not interactable
  (Session info: chrome=121.0.6167.161)
Build info: version: &apos;4.16.1&apos;, revision: &apos;9b4c83354e&apos;
System info: os.name: &apos;Windows 10&apos;, os.arch: &apos;amd64&apos;, os.version: &apos;10.0&apos;, java.version: &apos;17.0.2&apos;
Driver info: org.openqa.selenium.chrome.ChromeDriver
Command: [a4a1a7e7f63a53a3bcad15cde8cd3471, clearElement {id=4CC95643EDF7D7BD80EB88BF6A0ABCB5_element_219}]
Capabilities {acceptInsecureCerts: false, browserName: chrome, browserVersion: 121.0.6167.161, chrome: {chromedriverVersion: 121.0.6167.85 (3f98d690ad7e..., userDataDir: C:\Users\user\AppData\Local...}, fedcm:accounts: true, goog:chromeOptions: {debuggerAddress: localhost:60891}, networkConnectionEnabled: false, pageLoadStrategy: normal, platformName: windows, proxy: Proxy(), se:cdp: ws://localhost:60891/devtoo..., se:cdpVersion: 121.0.6167.161, setWindowRect: true, strictFileInteractability: false, timeouts: {implicit: 0, pageLoad: 300000, script: 30000}, unhandledPromptBehavior: dismiss and notify, webauthn:extension:credBlob: true, webauthn:extension:largeBlob: true, webauthn:extension:minPinLength: true, webauthn:extension:prf: true, webauthn:virtualAuthenticators: true}
Element: [[ChromeDriver: chrome on windows (a4a1a7e7f63a53a3bcad15cde8cd3471)] -&gt; xpath: //input[@id=&apos;shippingAddressOnedefault&apos;]]
Session ID: a4a1a7e7f63a53a3bcad15cde8cd3471
	at org.openqa.selenium.remote.codec.w3c.W3CHttpResponseCodec.createException(W3CHttpResponseCodec.java:200)
	at org.openqa.selenium.remote.codec.w3c.W3CHttpResponseCodec.decode(W3CHttpResponseCodec.java:133)
	at org.openqa.selenium.remote.codec.w3c.W3CHttpResponseCodec.decode(W3CHttpResponseCodec.java:52)
	at org.openqa.selenium.remote.HttpCommandExecutor.execute(HttpCommandExecutor.java:191)
	at org.openqa.selenium.remote.service.DriverCommandExecutor.invokeExecute(DriverCommandExecutor.java:200)
	at org.openqa.selenium.remote.service.DriverCommandExecutor.execute(DriverCommandExecutor.java:175)
	at org.openqa.selenium.remote.RemoteWebDriver.execute(RemoteWebDriver.java:523)
	at org.openqa.selenium.remote.RemoteWebElement.execute(RemoteWebElement.java:224)
	at org.openqa.selenium.remote.RemoteWebElement.clear(RemoteWebElement.java:130)
	at org.openqa.selenium.support.pagefactory.internal.LocatingElementHandler.invoke(LocatingElementHandler.java:51)
	at jdk.proxy2/jdk.proxy2.$Proxy14.clear(Unknown Source)
	at functionality.Actionsss.addressFromDropDown(Actionsss.java:282)
	at data.AddressSelection.Address(AddressSelection.java:28)
	at tasks.ShippingPageTasks.enterValidAddress(ShippingPageTasks.java:136)
	at tasks.PaymentPageTasks.paymentPageView(PaymentPageTasks.java:38)
	at tasks.PaymentPageTasks.creditCardWithValidDetails(PaymentPageTasks.java:263)
	at tasks.ReviewOrderPageTask.reviewOrderPage(ReviewOrderPageTask.java:31)
	at tasks.ReviewOrderPageTask.editShippingAddressFromReviewOrderPage(ReviewOrderPageTask.java:121)
	at testScripts.ReviewOrderTest.verifyingTheEditShippingAddressFromReviewOrderPageAndPlaceOrder(ReviewOrderTest.java:57)
	at java.base/java.util.ArrayList.forEach(ArrayList.java:1511)
... Removed 36 stack frames
</div> <!-- stack-trace -->
                </div> <!-- method-content -->
              </div> <!-- method -->
            </div> <!-- main-panel-content rounded-window-bottom -->
          </div> <!-- suite-Providio_Regression_Test-class-failed -->
          <div class="suite-Providio_Regression_Test-class-skipped">
            <div class="main-panel-header rounded-window-top">
              <img src="skipped.png"/>
              <span class="class-name">testScripts.ProductsAndItsOrderTest</span>
            </div> <!-- main-panel-header rounded-window-top -->
            <div class="main-panel-content rounded-window-bottom">
              <div class="method">
                <div class="method-content">
                  <a name="VerifyingPlaceOrderWithBuyNowButton">
                  </a> <!-- VerifyingPlaceOrderWithBuyNowButton -->
                  <span class="method-name">VerifyingPlaceOrderWithBuyNowButton</span>
                  <div class="stack-trace">org.openqa.selenium.NoSuchWindowException: no such window: target window already closed
from unknown error: web view not found
  (Session info: chrome=121.0.6167.161)
Build info: version: &apos;4.16.1&apos;, revision: &apos;9b4c83354e&apos;
System info: os.name: &apos;Windows 10&apos;, os.arch: &apos;amd64&apos;, os.version: &apos;10.0&apos;, java.version: &apos;17.0.2&apos;
Driver info: org.openqa.selenium.chrome.ChromeDriver
Command: [a4a1a7e7f63a53a3bcad15cde8cd3471, screenshot {}]
Capabilities {acceptInsecureCerts: false, browserName: chrome, browserVersion: 121.0.6167.161, chrome: {chromedriverVersion: 121.0.6167.85 (3f98d690ad7e..., userDataDir: C:\Users\user\AppData\Local...}, fedcm:accounts: true, goog:chromeOptions: {debuggerAddress: localhost:60891}, networkConnectionEnabled: false, pageLoadStrategy: normal, platformName: windows, proxy: Proxy(), se:cdp: ws://localhost:60891/devtoo..., se:cdpVersion: 121.0.6167.161, setWindowRect: true, strictFileInteractability: false, timeouts: {implicit: 0, pageLoad: 300000, script: 30000}, unhandledPromptBehavior: dismiss and notify, webauthn:extension:credBlob: true, webauthn:extension:largeBlob: true, webauthn:extension:minPinLength: true, webauthn:extension:prf: true, webauthn:virtualAuthenticators: true}
Session ID: a4a1a7e7f63a53a3bcad15cde8cd3471
	at org.openqa.selenium.remote.codec.w3c.W3CHttpResponseCodec.createException(W3CHttpResponseCodec.java:200)
	at org.openqa.selenium.remote.codec.w3c.W3CHttpResponseCodec.decode(W3CHttpResponseCodec.java:133)
	at org.openqa.selenium.remote.codec.w3c.W3CHttpResponseCodec.decode(W3CHttpResponseCodec.java:52)
	at org.openqa.selenium.remote.HttpCommandExecutor.execute(HttpCommandExecutor.java:191)
	at org.openqa.selenium.remote.service.DriverCommandExecutor.invokeExecute(DriverCommandExecutor.java:200)
	at org.openqa.selenium.remote.service.DriverCommandExecutor.execute(DriverCommandExecutor.java:175)
	at org.openqa.selenium.remote.RemoteWebDriver.execute(RemoteWebDriver.java:523)
	at org.openqa.selenium.remote.RemoteWebDriver.execute(RemoteWebDriver.java:596)
	at org.openqa.selenium.remote.RemoteWebDriver.execute(RemoteWebDriver.java:600)
	at org.openqa.selenium.remote.RemoteWebDriver.getScreenshotAs(RemoteWebDriver.java:326)
	at com.providio.testcases.baseClass.afterMethod(baseClass.java:267)
	at java.base/java.util.ArrayList.forEach(ArrayList.java:1511)
... Removed 37 stack frames
</div> <!-- stack-trace -->
                </div> <!-- method-content -->
              </div> <!-- method -->
              <div class="method">
                <div class="method-content">
                  <a name="VerifyingPlaceOrderWithBuyNowPopUp">
                  </a> <!-- VerifyingPlaceOrderWithBuyNowPopUp -->
                  <span class="method-name">VerifyingPlaceOrderWithBuyNowPopUp</span>
                  <div class="stack-trace">org.openqa.selenium.NoSuchWindowException: no such window: target window already closed
from unknown error: web view not found
  (Session info: chrome=121.0.6167.161)
Build info: version: &apos;4.16.1&apos;, revision: &apos;9b4c83354e&apos;
System info: os.name: &apos;Windows 10&apos;, os.arch: &apos;amd64&apos;, os.version: &apos;10.0&apos;, java.version: &apos;17.0.2&apos;
Driver info: org.openqa.selenium.chrome.ChromeDriver
Command: [a4a1a7e7f63a53a3bcad15cde8cd3471, screenshot {}]
Capabilities {acceptInsecureCerts: false, browserName: chrome, browserVersion: 121.0.6167.161, chrome: {chromedriverVersion: 121.0.6167.85 (3f98d690ad7e..., userDataDir: C:\Users\user\AppData\Local...}, fedcm:accounts: true, goog:chromeOptions: {debuggerAddress: localhost:60891}, networkConnectionEnabled: false, pageLoadStrategy: normal, platformName: windows, proxy: Proxy(), se:cdp: ws://localhost:60891/devtoo..., se:cdpVersion: 121.0.6167.161, setWindowRect: true, strictFileInteractability: false, timeouts: {implicit: 0, pageLoad: 300000, script: 30000}, unhandledPromptBehavior: dismiss and notify, webauthn:extension:credBlob: true, webauthn:extension:largeBlob: true, webauthn:extension:minPinLength: true, webauthn:extension:prf: true, webauthn:virtualAuthenticators: true}
Session ID: a4a1a7e7f63a53a3bcad15cde8cd3471
	at org.openqa.selenium.remote.codec.w3c.W3CHttpResponseCodec.createException(W3CHttpResponseCodec.java:200)
	at org.openqa.selenium.remote.codec.w3c.W3CHttpResponseCodec.decode(W3CHttpResponseCodec.java:133)
	at org.openqa.selenium.remote.codec.w3c.W3CHttpResponseCodec.decode(W3CHttpResponseCodec.java:52)
	at org.openqa.selenium.remote.HttpCommandExecutor.execute(HttpCommandExecutor.java:191)
	at org.openqa.selenium.remote.service.DriverCommandExecutor.invokeExecute(DriverCommandExecutor.java:200)
	at org.openqa.selenium.remote.service.DriverCommandExecutor.execute(DriverCommandExecutor.java:175)
	at org.openqa.selenium.remote.RemoteWebDriver.execute(RemoteWebDriver.java:523)
	at org.openqa.selenium.remote.RemoteWebDriver.execute(RemoteWebDriver.java:596)
	at org.openqa.selenium.remote.RemoteWebDriver.execute(RemoteWebDriver.java:600)
	at org.openqa.selenium.remote.RemoteWebDriver.getScreenshotAs(RemoteWebDriver.java:326)
	at com.providio.testcases.baseClass.afterMethod(baseClass.java:267)
	at java.base/java.util.ArrayList.forEach(ArrayList.java:1511)
... Removed 37 stack frames
</div> <!-- stack-trace -->
                </div> <!-- method-content -->
              </div> <!-- method -->
            </div> <!-- main-panel-content rounded-window-bottom -->
          </div> <!-- suite-Providio_Regression_Test-class-skipped -->
          <div class="suite-Providio_Regression_Test-class-skipped">
            <div class="main-panel-header rounded-window-top">
              <img src="skipped.png"/>
              <span class="class-name">testScripts.EditPaymentsFromReviewOrderPageTest</span>
            </div> <!-- main-panel-header rounded-window-top -->
            <div class="main-panel-content rounded-window-bottom">
              <div class="method">
                <div class="method-content">
                  <a name="verifyingTheEditInPaymentInReviewOrderPageFromCreditCardToPaypal">
                  </a> <!-- verifyingTheEditInPaymentInReviewOrderPageFromCreditCardToPaypal -->
                  <span class="method-name">verifyingTheEditInPaymentInReviewOrderPageFromCreditCardToPaypal</span>
                  <div class="stack-trace">org.openqa.selenium.NoSuchWindowException: no such window: target window already closed
from unknown error: web view not found
  (Session info: chrome=121.0.6167.161)
Build info: version: &apos;4.16.1&apos;, revision: &apos;9b4c83354e&apos;
System info: os.name: &apos;Windows 10&apos;, os.arch: &apos;amd64&apos;, os.version: &apos;10.0&apos;, java.version: &apos;17.0.2&apos;
Driver info: org.openqa.selenium.chrome.ChromeDriver
Command: [a4a1a7e7f63a53a3bcad15cde8cd3471, screenshot {}]
Capabilities {acceptInsecureCerts: false, browserName: chrome, browserVersion: 121.0.6167.161, chrome: {chromedriverVersion: 121.0.6167.85 (3f98d690ad7e..., userDataDir: C:\Users\user\AppData\Local...}, fedcm:accounts: true, goog:chromeOptions: {debuggerAddress: localhost:60891}, networkConnectionEnabled: false, pageLoadStrategy: normal, platformName: windows, proxy: Proxy(), se:cdp: ws://localhost:60891/devtoo..., se:cdpVersion: 121.0.6167.161, setWindowRect: true, strictFileInteractability: false, timeouts: {implicit: 0, pageLoad: 300000, script: 30000}, unhandledPromptBehavior: dismiss and notify, webauthn:extension:credBlob: true, webauthn:extension:largeBlob: true, webauthn:extension:minPinLength: true, webauthn:extension:prf: true, webauthn:virtualAuthenticators: true}
Session ID: a4a1a7e7f63a53a3bcad15cde8cd3471
	at org.openqa.selenium.remote.codec.w3c.W3CHttpResponseCodec.createException(W3CHttpResponseCodec.java:200)
	at org.openqa.selenium.remote.codec.w3c.W3CHttpResponseCodec.decode(W3CHttpResponseCodec.java:133)
	at org.openqa.selenium.remote.codec.w3c.W3CHttpResponseCodec.decode(W3CHttpResponseCodec.java:52)
	at org.openqa.selenium.remote.HttpCommandExecutor.execute(HttpCommandExecutor.java:191)
	at org.openqa.selenium.remote.service.DriverCommandExecutor.invokeExecute(DriverCommandExecutor.java:200)
	at org.openqa.selenium.remote.service.DriverCommandExecutor.execute(DriverCommandExecutor.java:175)
	at org.openqa.selenium.remote.RemoteWebDriver.execute(RemoteWebDriver.java:523)
	at org.openqa.selenium.remote.RemoteWebDriver.execute(RemoteWebDriver.java:596)
	at org.openqa.selenium.remote.RemoteWebDriver.execute(RemoteWebDriver.java:600)
	at org.openqa.selenium.remote.RemoteWebDriver.getScreenshotAs(RemoteWebDriver.java:326)
	at com.providio.testcases.baseClass.afterMethod(baseClass.java:267)
	at java.base/java.util.ArrayList.forEach(ArrayList.java:1511)
... Removed 37 stack frames
</div> <!-- stack-trace -->
                </div> <!-- method-content -->
              </div> <!-- method -->
              <div class="method">
                <div class="method-content">
                  <a name="verifyingTheEditInPaymentInReviewOrderPageFromGiftCertificateToCreditCard">
                  </a> <!-- verifyingTheEditInPaymentInReviewOrderPageFromGiftCertificateToCreditCard -->
                  <span class="method-name">verifyingTheEditInPaymentInReviewOrderPageFromGiftCertificateToCreditCard</span>
                  <div class="stack-trace">org.openqa.selenium.NoSuchWindowException: no such window: target window already closed
from unknown error: web view not found
  (Session info: chrome=121.0.6167.161)
Build info: version: &apos;4.16.1&apos;, revision: &apos;9b4c83354e&apos;
System info: os.name: &apos;Windows 10&apos;, os.arch: &apos;amd64&apos;, os.version: &apos;10.0&apos;, java.version: &apos;17.0.2&apos;
Driver info: org.openqa.selenium.chrome.ChromeDriver
Command: [a4a1a7e7f63a53a3bcad15cde8cd3471, screenshot {}]
Capabilities {acceptInsecureCerts: false, browserName: chrome, browserVersion: 121.0.6167.161, chrome: {chromedriverVersion: 121.0.6167.85 (3f98d690ad7e..., userDataDir: C:\Users\user\AppData\Local...}, fedcm:accounts: true, goog:chromeOptions: {debuggerAddress: localhost:60891}, networkConnectionEnabled: false, pageLoadStrategy: normal, platformName: windows, proxy: Proxy(), se:cdp: ws://localhost:60891/devtoo..., se:cdpVersion: 121.0.6167.161, setWindowRect: true, strictFileInteractability: false, timeouts: {implicit: 0, pageLoad: 300000, script: 30000}, unhandledPromptBehavior: dismiss and notify, webauthn:extension:credBlob: true, webauthn:extension:largeBlob: true, webauthn:extension:minPinLength: true, webauthn:extension:prf: true, webauthn:virtualAuthenticators: true}
Session ID: a4a1a7e7f63a53a3bcad15cde8cd3471
	at org.openqa.selenium.remote.codec.w3c.W3CHttpResponseCodec.createException(W3CHttpResponseCodec.java:200)
	at org.openqa.selenium.remote.codec.w3c.W3CHttpResponseCodec.decode(W3CHttpResponseCodec.java:133)
	at org.openqa.selenium.remote.codec.w3c.W3CHttpResponseCodec.decode(W3CHttpResponseCodec.java:52)
	at org.openqa.selenium.remote.HttpCommandExecutor.execute(HttpCommandExecutor.java:191)
	at org.openqa.selenium.remote.service.DriverCommandExecutor.invokeExecute(DriverCommandExecutor.java:200)
	at org.openqa.selenium.remote.service.DriverCommandExecutor.execute(DriverCommandExecutor.java:175)
	at org.openqa.selenium.remote.RemoteWebDriver.execute(RemoteWebDriver.java:523)
	at org.openqa.selenium.remote.RemoteWebDriver.execute(RemoteWebDriver.java:596)
	at org.openqa.selenium.remote.RemoteWebDriver.execute(RemoteWebDriver.java:600)
	at org.openqa.selenium.remote.RemoteWebDriver.getScreenshotAs(RemoteWebDriver.java:326)
	at com.providio.testcases.baseClass.afterMethod(baseClass.java:267)
	at java.base/java.util.ArrayList.forEach(ArrayList.java:1511)
... Removed 37 stack frames
</div> <!-- stack-trace -->
                </div> <!-- method-content -->
              </div> <!-- method -->
              <div class="method">
                <div class="method-content">
                  <a name="verifyingTheEditInPaymentInReviewOrderPageFromGiftCertificateToPaypal">
                  </a> <!-- verifyingTheEditInPaymentInReviewOrderPageFromGiftCertificateToPaypal -->
                  <span class="method-name">verifyingTheEditInPaymentInReviewOrderPageFromGiftCertificateToPaypal</span>
                  <div class="stack-trace">org.openqa.selenium.NoSuchWindowException: no such window: target window already closed
from unknown error: web view not found
  (Session info: chrome=121.0.6167.161)
Build info: version: &apos;4.16.1&apos;, revision: &apos;9b4c83354e&apos;
System info: os.name: &apos;Windows 10&apos;, os.arch: &apos;amd64&apos;, os.version: &apos;10.0&apos;, java.version: &apos;17.0.2&apos;
Driver info: org.openqa.selenium.chrome.ChromeDriver
Command: [a4a1a7e7f63a53a3bcad15cde8cd3471, screenshot {}]
Capabilities {acceptInsecureCerts: false, browserName: chrome, browserVersion: 121.0.6167.161, chrome: {chromedriverVersion: 121.0.6167.85 (3f98d690ad7e..., userDataDir: C:\Users\user\AppData\Local...}, fedcm:accounts: true, goog:chromeOptions: {debuggerAddress: localhost:60891}, networkConnectionEnabled: false, pageLoadStrategy: normal, platformName: windows, proxy: Proxy(), se:cdp: ws://localhost:60891/devtoo..., se:cdpVersion: 121.0.6167.161, setWindowRect: true, strictFileInteractability: false, timeouts: {implicit: 0, pageLoad: 300000, script: 30000}, unhandledPromptBehavior: dismiss and notify, webauthn:extension:credBlob: true, webauthn:extension:largeBlob: true, webauthn:extension:minPinLength: true, webauthn:extension:prf: true, webauthn:virtualAuthenticators: true}
Session ID: a4a1a7e7f63a53a3bcad15cde8cd3471
	at org.openqa.selenium.remote.codec.w3c.W3CHttpResponseCodec.createException(W3CHttpResponseCodec.java:200)
	at org.openqa.selenium.remote.codec.w3c.W3CHttpResponseCodec.decode(W3CHttpResponseCodec.java:133)
	at org.openqa.selenium.remote.codec.w3c.W3CHttpResponseCodec.decode(W3CHttpResponseCodec.java:52)
	at org.openqa.selenium.remote.HttpCommandExecutor.execute(HttpCommandExecutor.java:191)
	at org.openqa.selenium.remote.service.DriverCommandExecutor.invokeExecute(DriverCommandExecutor.java:200)
	at org.openqa.selenium.remote.service.DriverCommandExecutor.execute(DriverCommandExecutor.java:175)
	at org.openqa.selenium.remote.RemoteWebDriver.execute(RemoteWebDriver.java:523)
	at org.openqa.selenium.remote.RemoteWebDriver.execute(RemoteWebDriver.java:596)
	at org.openqa.selenium.remote.RemoteWebDriver.execute(RemoteWebDriver.java:600)
	at org.openqa.selenium.remote.RemoteWebDriver.getScreenshotAs(RemoteWebDriver.java:326)
	at com.providio.testcases.baseClass.afterMethod(baseClass.java:267)
	at java.base/java.util.ArrayList.forEach(ArrayList.java:1511)
... Removed 37 stack frames
</div> <!-- stack-trace -->
                </div> <!-- method-content -->
              </div> <!-- method -->
              <div class="method">
                <div class="method-content">
                  <a name="verifyingTheEditInPaymentInReviewOrderPageFromPaypalToCreditCard">
                  </a> <!-- verifyingTheEditInPaymentInReviewOrderPageFromPaypalToCreditCard -->
                  <span class="method-name">verifyingTheEditInPaymentInReviewOrderPageFromPaypalToCreditCard</span>
                  <div class="stack-trace">org.openqa.selenium.NoSuchWindowException: no such window: target window already closed
from unknown error: web view not found
  (Session info: chrome=121.0.6167.161)
Build info: version: &apos;4.16.1&apos;, revision: &apos;9b4c83354e&apos;
System info: os.name: &apos;Windows 10&apos;, os.arch: &apos;amd64&apos;, os.version: &apos;10.0&apos;, java.version: &apos;17.0.2&apos;
Driver info: org.openqa.selenium.chrome.ChromeDriver
Command: [a4a1a7e7f63a53a3bcad15cde8cd3471, screenshot {}]
Capabilities {acceptInsecureCerts: false, browserName: chrome, browserVersion: 121.0.6167.161, chrome: {chromedriverVersion: 121.0.6167.85 (3f98d690ad7e..., userDataDir: C:\Users\user\AppData\Local...}, fedcm:accounts: true, goog:chromeOptions: {debuggerAddress: localhost:60891}, networkConnectionEnabled: false, pageLoadStrategy: normal, platformName: windows, proxy: Proxy(), se:cdp: ws://localhost:60891/devtoo..., se:cdpVersion: 121.0.6167.161, setWindowRect: true, strictFileInteractability: false, timeouts: {implicit: 0, pageLoad: 300000, script: 30000}, unhandledPromptBehavior: dismiss and notify, webauthn:extension:credBlob: true, webauthn:extension:largeBlob: true, webauthn:extension:minPinLength: true, webauthn:extension:prf: true, webauthn:virtualAuthenticators: true}
Session ID: a4a1a7e7f63a53a3bcad15cde8cd3471
	at org.openqa.selenium.remote.codec.w3c.W3CHttpResponseCodec.createException(W3CHttpResponseCodec.java:200)
	at org.openqa.selenium.remote.codec.w3c.W3CHttpResponseCodec.decode(W3CHttpResponseCodec.java:133)
	at org.openqa.selenium.remote.codec.w3c.W3CHttpResponseCodec.decode(W3CHttpResponseCodec.java:52)
	at org.openqa.selenium.remote.HttpCommandExecutor.execute(HttpCommandExecutor.java:191)
	at org.openqa.selenium.remote.service.DriverCommandExecutor.invokeExecute(DriverCommandExecutor.java:200)
	at org.openqa.selenium.remote.service.DriverCommandExecutor.execute(DriverCommandExecutor.java:175)
	at org.openqa.selenium.remote.RemoteWebDriver.execute(RemoteWebDriver.java:523)
	at org.openqa.selenium.remote.RemoteWebDriver.execute(RemoteWebDriver.java:596)
	at org.openqa.selenium.remote.RemoteWebDriver.execute(RemoteWebDriver.java:600)
	at org.openqa.selenium.remote.RemoteWebDriver.getScreenshotAs(RemoteWebDriver.java:326)
	at com.providio.testcases.baseClass.afterMethod(baseClass.java:267)
	at java.base/java.util.ArrayList.forEach(ArrayList.java:1511)
... Removed 37 stack frames
</div> <!-- stack-trace -->
                </div> <!-- method-content -->
              </div> <!-- method -->
              <div class="method">
                <div class="method-content">
                  <a name="verifyingTheEditInPaymentInReviewOrderPageFromPaypalToGiftCertificate">
                  </a> <!-- verifyingTheEditInPaymentInReviewOrderPageFromPaypalToGiftCertificate -->
                  <span class="method-name">verifyingTheEditInPaymentInReviewOrderPageFromPaypalToGiftCertificate</span>
                  <div class="stack-trace">org.openqa.selenium.NoSuchWindowException: no such window: target window already closed
from unknown error: web view not found
  (Session info: chrome=121.0.6167.161)
Build info: version: &apos;4.16.1&apos;, revision: &apos;9b4c83354e&apos;
System info: os.name: &apos;Windows 10&apos;, os.arch: &apos;amd64&apos;, os.version: &apos;10.0&apos;, java.version: &apos;17.0.2&apos;
Driver info: org.openqa.selenium.chrome.ChromeDriver
Command: [a4a1a7e7f63a53a3bcad15cde8cd3471, screenshot {}]
Capabilities {acceptInsecureCerts: false, browserName: chrome, browserVersion: 121.0.6167.161, chrome: {chromedriverVersion: 121.0.6167.85 (3f98d690ad7e..., userDataDir: C:\Users\user\AppData\Local...}, fedcm:accounts: true, goog:chromeOptions: {debuggerAddress: localhost:60891}, networkConnectionEnabled: false, pageLoadStrategy: normal, platformName: windows, proxy: Proxy(), se:cdp: ws://localhost:60891/devtoo..., se:cdpVersion: 121.0.6167.161, setWindowRect: true, strictFileInteractability: false, timeouts: {implicit: 0, pageLoad: 300000, script: 30000}, unhandledPromptBehavior: dismiss and notify, webauthn:extension:credBlob: true, webauthn:extension:largeBlob: true, webauthn:extension:minPinLength: true, webauthn:extension:prf: true, webauthn:virtualAuthenticators: true}
Session ID: a4a1a7e7f63a53a3bcad15cde8cd3471
	at org.openqa.selenium.remote.codec.w3c.W3CHttpResponseCodec.createException(W3CHttpResponseCodec.java:200)
	at org.openqa.selenium.remote.codec.w3c.W3CHttpResponseCodec.decode(W3CHttpResponseCodec.java:133)
	at org.openqa.selenium.remote.codec.w3c.W3CHttpResponseCodec.decode(W3CHttpResponseCodec.java:52)
	at org.openqa.selenium.remote.HttpCommandExecutor.execute(HttpCommandExecutor.java:191)
	at org.openqa.selenium.remote.service.DriverCommandExecutor.invokeExecute(DriverCommandExecutor.java:200)
	at org.openqa.selenium.remote.service.DriverCommandExecutor.execute(DriverCommandExecutor.java:175)
	at org.openqa.selenium.remote.RemoteWebDriver.execute(RemoteWebDriver.java:523)
	at org.openqa.selenium.remote.RemoteWebDriver.execute(RemoteWebDriver.java:596)
	at org.openqa.selenium.remote.RemoteWebDriver.execute(RemoteWebDriver.java:600)
	at org.openqa.selenium.remote.RemoteWebDriver.getScreenshotAs(RemoteWebDriver.java:326)
	at com.providio.testcases.baseClass.afterMethod(baseClass.java:267)
	at java.base/java.util.ArrayList.forEach(ArrayList.java:1511)
... Removed 37 stack frames
</div> <!-- stack-trace -->
                </div> <!-- method-content -->
              </div> <!-- method -->
            </div> <!-- main-panel-content rounded-window-bottom -->
          </div> <!-- suite-Providio_Regression_Test-class-skipped -->
          <div class="suite-Providio_Regression_Test-class-skipped">
            <div class="main-panel-header rounded-window-top">
              <img src="skipped.png"/>
              <span class="class-name">GiftCertificateFunctionalties.gcInCart</span>
            </div> <!-- main-panel-header rounded-window-top -->
            <div class="main-panel-content rounded-window-bottom">
              <div class="method">
                <div class="method-content">
                  <a name="VerifyingNoVisibilityOfGiftCertificateSectionWhenGcInCart">
                  </a> <!-- VerifyingNoVisibilityOfGiftCertificateSectionWhenGcInCart -->
                  <span class="method-name">VerifyingNoVisibilityOfGiftCertificateSectionWhenGcInCart</span>
                  <div class="stack-trace">org.openqa.selenium.NoSuchWindowException: no such window: target window already closed
from unknown error: web view not found
  (Session info: chrome=121.0.6167.161)
Build info: version: &apos;4.16.1&apos;, revision: &apos;9b4c83354e&apos;
System info: os.name: &apos;Windows 10&apos;, os.arch: &apos;amd64&apos;, os.version: &apos;10.0&apos;, java.version: &apos;17.0.2&apos;
Driver info: org.openqa.selenium.chrome.ChromeDriver
Command: [a4a1a7e7f63a53a3bcad15cde8cd3471, screenshot {}]
Capabilities {acceptInsecureCerts: false, browserName: chrome, browserVersion: 121.0.6167.161, chrome: {chromedriverVersion: 121.0.6167.85 (3f98d690ad7e..., userDataDir: C:\Users\user\AppData\Local...}, fedcm:accounts: true, goog:chromeOptions: {debuggerAddress: localhost:60891}, networkConnectionEnabled: false, pageLoadStrategy: normal, platformName: windows, proxy: Proxy(), se:cdp: ws://localhost:60891/devtoo..., se:cdpVersion: 121.0.6167.161, setWindowRect: true, strictFileInteractability: false, timeouts: {implicit: 0, pageLoad: 300000, script: 30000}, unhandledPromptBehavior: dismiss and notify, webauthn:extension:credBlob: true, webauthn:extension:largeBlob: true, webauthn:extension:minPinLength: true, webauthn:extension:prf: true, webauthn:virtualAuthenticators: true}
Session ID: a4a1a7e7f63a53a3bcad15cde8cd3471
	at org.openqa.selenium.remote.codec.w3c.W3CHttpResponseCodec.createException(W3CHttpResponseCodec.java:200)
	at org.openqa.selenium.remote.codec.w3c.W3CHttpResponseCodec.decode(W3CHttpResponseCodec.java:133)
	at org.openqa.selenium.remote.codec.w3c.W3CHttpResponseCodec.decode(W3CHttpResponseCodec.java:52)
	at org.openqa.selenium.remote.HttpCommandExecutor.execute(HttpCommandExecutor.java:191)
	at org.openqa.selenium.remote.service.DriverCommandExecutor.invokeExecute(DriverCommandExecutor.java:200)
	at org.openqa.selenium.remote.service.DriverCommandExecutor.execute(DriverCommandExecutor.java:175)
	at org.openqa.selenium.remote.RemoteWebDriver.execute(RemoteWebDriver.java:523)
	at org.openqa.selenium.remote.RemoteWebDriver.execute(RemoteWebDriver.java:596)
	at org.openqa.selenium.remote.RemoteWebDriver.execute(RemoteWebDriver.java:600)
	at org.openqa.selenium.remote.RemoteWebDriver.getScreenshotAs(RemoteWebDriver.java:326)
	at com.providio.testcases.baseClass.afterMethod(baseClass.java:267)
	at java.base/java.util.ArrayList.forEach(ArrayList.java:1511)
... Removed 37 stack frames
</div> <!-- stack-trace -->
                </div> <!-- method-content -->
              </div> <!-- method -->
              <div class="method">
                <div class="method-content">
                  <a name="VerifyingPlaceOrderOfGiftCertificateAndSimpleProductInCartWithCreditCard">
                  </a> <!-- VerifyingPlaceOrderOfGiftCertificateAndSimpleProductInCartWithCreditCard -->
                  <span class="method-name">VerifyingPlaceOrderOfGiftCertificateAndSimpleProductInCartWithCreditCard</span>
                  <div class="stack-trace">org.openqa.selenium.NoSuchWindowException: no such window: target window already closed
from unknown error: web view not found
  (Session info: chrome=121.0.6167.161)
Build info: version: &apos;4.16.1&apos;, revision: &apos;9b4c83354e&apos;
System info: os.name: &apos;Windows 10&apos;, os.arch: &apos;amd64&apos;, os.version: &apos;10.0&apos;, java.version: &apos;17.0.2&apos;
Driver info: org.openqa.selenium.chrome.ChromeDriver
Command: [a4a1a7e7f63a53a3bcad15cde8cd3471, screenshot {}]
Capabilities {acceptInsecureCerts: false, browserName: chrome, browserVersion: 121.0.6167.161, chrome: {chromedriverVersion: 121.0.6167.85 (3f98d690ad7e..., userDataDir: C:\Users\user\AppData\Local...}, fedcm:accounts: true, goog:chromeOptions: {debuggerAddress: localhost:60891}, networkConnectionEnabled: false, pageLoadStrategy: normal, platformName: windows, proxy: Proxy(), se:cdp: ws://localhost:60891/devtoo..., se:cdpVersion: 121.0.6167.161, setWindowRect: true, strictFileInteractability: false, timeouts: {implicit: 0, pageLoad: 300000, script: 30000}, unhandledPromptBehavior: dismiss and notify, webauthn:extension:credBlob: true, webauthn:extension:largeBlob: true, webauthn:extension:minPinLength: true, webauthn:extension:prf: true, webauthn:virtualAuthenticators: true}
Session ID: a4a1a7e7f63a53a3bcad15cde8cd3471
	at org.openqa.selenium.remote.codec.w3c.W3CHttpResponseCodec.createException(W3CHttpResponseCodec.java:200)
	at org.openqa.selenium.remote.codec.w3c.W3CHttpResponseCodec.decode(W3CHttpResponseCodec.java:133)
	at org.openqa.selenium.remote.codec.w3c.W3CHttpResponseCodec.decode(W3CHttpResponseCodec.java:52)
	at org.openqa.selenium.remote.HttpCommandExecutor.execute(HttpCommandExecutor.java:191)
	at org.openqa.selenium.remote.service.DriverCommandExecutor.invokeExecute(DriverCommandExecutor.java:200)
	at org.openqa.selenium.remote.service.DriverCommandExecutor.execute(DriverCommandExecutor.java:175)
	at org.openqa.selenium.remote.RemoteWebDriver.execute(RemoteWebDriver.java:523)
	at org.openqa.selenium.remote.RemoteWebDriver.execute(RemoteWebDriver.java:596)
	at org.openqa.selenium.remote.RemoteWebDriver.execute(RemoteWebDriver.java:600)
	at org.openqa.selenium.remote.RemoteWebDriver.getScreenshotAs(RemoteWebDriver.java:326)
	at com.providio.testcases.baseClass.afterMethod(baseClass.java:267)
	at java.base/java.util.ArrayList.forEach(ArrayList.java:1511)
... Removed 37 stack frames
</div> <!-- stack-trace -->
                </div> <!-- method-content -->
              </div> <!-- method -->
              <div class="method">
                <div class="method-content">
                  <a name="VerifyingPlaceOrderOfGiftCertificateAndSimpleProductInCartWithPaypal">
                  </a> <!-- VerifyingPlaceOrderOfGiftCertificateAndSimpleProductInCartWithPaypal -->
                  <span class="method-name">VerifyingPlaceOrderOfGiftCertificateAndSimpleProductInCartWithPaypal</span>
                  <div class="stack-trace">org.openqa.selenium.NoSuchWindowException: no such window: target window already closed
from unknown error: web view not found
  (Session info: chrome=121.0.6167.161)
Build info: version: &apos;4.16.1&apos;, revision: &apos;9b4c83354e&apos;
System info: os.name: &apos;Windows 10&apos;, os.arch: &apos;amd64&apos;, os.version: &apos;10.0&apos;, java.version: &apos;17.0.2&apos;
Driver info: org.openqa.selenium.chrome.ChromeDriver
Command: [a4a1a7e7f63a53a3bcad15cde8cd3471, screenshot {}]
Capabilities {acceptInsecureCerts: false, browserName: chrome, browserVersion: 121.0.6167.161, chrome: {chromedriverVersion: 121.0.6167.85 (3f98d690ad7e..., userDataDir: C:\Users\user\AppData\Local...}, fedcm:accounts: true, goog:chromeOptions: {debuggerAddress: localhost:60891}, networkConnectionEnabled: false, pageLoadStrategy: normal, platformName: windows, proxy: Proxy(), se:cdp: ws://localhost:60891/devtoo..., se:cdpVersion: 121.0.6167.161, setWindowRect: true, strictFileInteractability: false, timeouts: {implicit: 0, pageLoad: 300000, script: 30000}, unhandledPromptBehavior: dismiss and notify, webauthn:extension:credBlob: true, webauthn:extension:largeBlob: true, webauthn:extension:minPinLength: true, webauthn:extension:prf: true, webauthn:virtualAuthenticators: true}
Session ID: a4a1a7e7f63a53a3bcad15cde8cd3471
	at org.openqa.selenium.remote.codec.w3c.W3CHttpResponseCodec.createException(W3CHttpResponseCodec.java:200)
	at org.openqa.selenium.remote.codec.w3c.W3CHttpResponseCodec.decode(W3CHttpResponseCodec.java:133)
	at org.openqa.selenium.remote.codec.w3c.W3CHttpResponseCodec.decode(W3CHttpResponseCodec.java:52)
	at org.openqa.selenium.remote.HttpCommandExecutor.execute(HttpCommandExecutor.java:191)
	at org.openqa.selenium.remote.service.DriverCommandExecutor.invokeExecute(DriverCommandExecutor.java:200)
	at org.openqa.selenium.remote.service.DriverCommandExecutor.execute(DriverCommandExecutor.java:175)
	at org.openqa.selenium.remote.RemoteWebDriver.execute(RemoteWebDriver.java:523)
	at org.openqa.selenium.remote.RemoteWebDriver.execute(RemoteWebDriver.java:596)
	at org.openqa.selenium.remote.RemoteWebDriver.execute(RemoteWebDriver.java:600)
	at org.openqa.selenium.remote.RemoteWebDriver.getScreenshotAs(RemoteWebDriver.java:326)
	at com.providio.testcases.baseClass.afterMethod(baseClass.java:267)
	at java.base/java.util.ArrayList.forEach(ArrayList.java:1511)
... Removed 37 stack frames
</div> <!-- stack-trace -->
                </div> <!-- method-content -->
              </div> <!-- method -->
              <div class="method">
                <div class="method-content">
                  <a name="VerifyingPlaceOrderWithPaypalWhenOnlyGcInCart">
                  </a> <!-- VerifyingPlaceOrderWithPaypalWhenOnlyGcInCart -->
                  <span class="method-name">VerifyingPlaceOrderWithPaypalWhenOnlyGcInCart</span>
                  <div class="stack-trace">org.openqa.selenium.NoSuchWindowException: no such window: target window already closed
from unknown error: web view not found
  (Session info: chrome=121.0.6167.161)
Build info: version: &apos;4.16.1&apos;, revision: &apos;9b4c83354e&apos;
System info: os.name: &apos;Windows 10&apos;, os.arch: &apos;amd64&apos;, os.version: &apos;10.0&apos;, java.version: &apos;17.0.2&apos;
Driver info: org.openqa.selenium.chrome.ChromeDriver
Command: [a4a1a7e7f63a53a3bcad15cde8cd3471, screenshot {}]
Capabilities {acceptInsecureCerts: false, browserName: chrome, browserVersion: 121.0.6167.161, chrome: {chromedriverVersion: 121.0.6167.85 (3f98d690ad7e..., userDataDir: C:\Users\user\AppData\Local...}, fedcm:accounts: true, goog:chromeOptions: {debuggerAddress: localhost:60891}, networkConnectionEnabled: false, pageLoadStrategy: normal, platformName: windows, proxy: Proxy(), se:cdp: ws://localhost:60891/devtoo..., se:cdpVersion: 121.0.6167.161, setWindowRect: true, strictFileInteractability: false, timeouts: {implicit: 0, pageLoad: 300000, script: 30000}, unhandledPromptBehavior: dismiss and notify, webauthn:extension:credBlob: true, webauthn:extension:largeBlob: true, webauthn:extension:minPinLength: true, webauthn:extension:prf: true, webauthn:virtualAuthenticators: true}
Session ID: a4a1a7e7f63a53a3bcad15cde8cd3471
	at org.openqa.selenium.remote.codec.w3c.W3CHttpResponseCodec.createException(W3CHttpResponseCodec.java:200)
	at org.openqa.selenium.remote.codec.w3c.W3CHttpResponseCodec.decode(W3CHttpResponseCodec.java:133)
	at org.openqa.selenium.remote.codec.w3c.W3CHttpResponseCodec.decode(W3CHttpResponseCodec.java:52)
	at org.openqa.selenium.remote.HttpCommandExecutor.execute(HttpCommandExecutor.java:191)
	at org.openqa.selenium.remote.service.DriverCommandExecutor.invokeExecute(DriverCommandExecutor.java:200)
	at org.openqa.selenium.remote.service.DriverCommandExecutor.execute(DriverCommandExecutor.java:175)
	at org.openqa.selenium.remote.RemoteWebDriver.execute(RemoteWebDriver.java:523)
	at org.openqa.selenium.remote.RemoteWebDriver.execute(RemoteWebDriver.java:596)
	at org.openqa.selenium.remote.RemoteWebDriver.execute(RemoteWebDriver.java:600)
	at org.openqa.selenium.remote.RemoteWebDriver.getScreenshotAs(RemoteWebDriver.java:326)
	at com.providio.testcases.baseClass.afterMethod(baseClass.java:267)
	at java.base/java.util.ArrayList.forEach(ArrayList.java:1511)
... Removed 37 stack frames
</div> <!-- stack-trace -->
                </div> <!-- method-content -->
              </div> <!-- method -->
            </div> <!-- main-panel-content rounded-window-bottom -->
          </div> <!-- suite-Providio_Regression_Test-class-skipped -->
          <div class="suite-Providio_Regression_Test-class-passed">
            <div class="main-panel-header rounded-window-top">
              <img src="passed.png"/>
              <span class="class-name">browser.launchBrowsering</span>
            </div> <!-- main-panel-header rounded-window-top -->
            <div class="main-panel-content rounded-window-bottom">
              <div class="method">
                <div class="method-content">
                  <a name="verifyHomePageLaunching">
                  </a> <!-- verifyHomePageLaunching -->
                  <span class="method-name">verifyHomePageLaunching</span>
                </div> <!-- method-content -->
              </div> <!-- method -->
            </div> <!-- main-panel-content rounded-window-bottom -->
          </div> <!-- suite-Providio_Regression_Test-class-passed -->
        </div> <!-- panel Providio_Regression_Test -->
        <div panel-name="test-xml-Providio_Regression_Test" class="panel">
          <div class="main-panel-header rounded-window-top">
            <span class="header-content">C:\Users\user\git\Latestprovidio\OrderRegression.xml</span>
          </div> <!-- main-panel-header rounded-window-top -->
          <div class="main-panel-content rounded-window-bottom">
            <pre>
&lt;?xml version=&quot;1.0&quot; encoding=&quot;UTF-8&quot;?&gt;
&lt;!DOCTYPE suite SYSTEM &quot;https://testng.org/testng-1.0.dtd&quot;&gt;
&lt;suite name=&quot;Providio Regression Test&quot;&gt;
  &lt;test thread-count=&quot;5&quot; name=&quot;Order Regression&quot;&gt;
    &lt;classes&gt;
      &lt;class name=&quot;browser.launchBrowsering&quot;/&gt;
      &lt;class name=&quot;testScripts.ReviewOrderTest&quot;&gt;
        &lt;methods&gt;
          &lt;include name=&quot;verifyingTheEditShippingAddressFromReviewOrderPageAndPlaceOrder&quot;/&gt;
          &lt;include name=&quot;verifyingTheEditBillingAddressFromReviewOrderPageAndPlaceOrder&quot;/&gt;
          &lt;include name=&quot;verifyingTheEditPhoneNumInShippingAddressFromReviewOrderPageAndPlaceOrder&quot;/&gt;
          &lt;include name=&quot;verifyingEditPhoneNumberInBillingAddressFromReviewOrderPageAndPlaceOrder&quot;/&gt;
        &lt;/methods&gt;
      &lt;/class&gt; &lt;!-- testScripts.ReviewOrderTest --&gt;
      &lt;class name=&quot;testScripts.ProductsAndItsOrderTest&quot;&gt;
        &lt;methods&gt;
          &lt;include name=&quot;VerifyingPlaceOrderWithCreditCardWhenOnlyGcInCart&quot;/&gt;
          &lt;include name=&quot;VerifyingPlaceOrderWithBuyNowButton&quot;/&gt;
          &lt;include name=&quot;VerifyingPlaceOrderWithBuyNowPopUp&quot;/&gt;
        &lt;/methods&gt;
      &lt;/class&gt; &lt;!-- testScripts.ProductsAndItsOrderTest --&gt;
      &lt;class name=&quot;GiftCertificateFunctionalties.gcInCart&quot;&gt;
        &lt;methods&gt;
          &lt;include name=&quot;VerifyingPlaceOrderWithCreditCardWhenOnlyGcInCart&quot;/&gt;
          &lt;include name=&quot;VerifyingPlaceOrderWithPaypalWhenOnlyGcInCart&quot;/&gt;
          &lt;include name=&quot;VerifyingNoVisibilityOfGiftCertificateSectionWhenGcInCart&quot;/&gt;
          &lt;include name=&quot;VerifyingPlaceOrderOfGiftCertificateAndSimpleProductInCartWithCreditCard&quot;/&gt;
          &lt;include name=&quot;VerifyingPlaceOrderOfGiftCertificateAndSimpleProductInCartWithPaypal&quot;/&gt;
        &lt;/methods&gt;
      &lt;/class&gt; &lt;!-- GiftCertificateFunctionalties.gcInCart --&gt;
      &lt;class name=&quot;testScripts.EditPaymentsFromReviewOrderPageTest&quot;&gt;
        &lt;methods&gt;
          &lt;include name=&quot;verifyingTheEditInPaymentInReviewOrderPageFromCreditCardToGiftCertificate&quot;/&gt;
          &lt;include name=&quot;verifyingTheEditInPaymentInReviewOrderPageFromCreditCardToPaypal&quot;/&gt;
          &lt;include name=&quot;verifyingTheEditInPaymentInReviewOrderPageFromGiftCertificateToCreditCard&quot;/&gt;
          &lt;include name=&quot;verifyingTheEditInPaymentInReviewOrderPageFromGiftCertificateToPaypal&quot;/&gt;
          &lt;include name=&quot;verifyingTheEditInPaymentInReviewOrderPageFromPaypalToGiftCertificate&quot;/&gt;
          &lt;include name=&quot;verifyingTheEditInPaymentInReviewOrderPageFromPaypalToCreditCard&quot;/&gt;
        &lt;/methods&gt;
      &lt;/class&gt; &lt;!-- testScripts.EditPaymentsFromReviewOrderPageTest --&gt;
    &lt;/classes&gt;
  &lt;/test&gt; &lt;!-- Order Regression --&gt;
&lt;/suite&gt; &lt;!-- Providio Regression Test --&gt;
            </pre>
          </div> <!-- main-panel-content rounded-window-bottom -->
        </div> <!-- panel -->
        <div panel-name="testlist-Providio_Regression_Test" class="panel">
          <div class="main-panel-header rounded-window-top">
            <span class="header-content">Tests for Providio Regression Test</span>
          </div> <!-- main-panel-header rounded-window-top -->
          <div class="main-panel-content rounded-window-bottom">
            <ul>
              <li>
                <span class="test-name">Order Regression (5 classes)</span>
              </li>
            </ul>
          </div> <!-- main-panel-content rounded-window-bottom -->
        </div> <!-- panel -->
        <div panel-name="group-Providio_Regression_Test" class="panel">
          <div class="main-panel-header rounded-window-top">
            <span class="header-content">Groups for Providio Regression Test</span>
          </div> <!-- main-panel-header rounded-window-top -->
          <div class="main-panel-content rounded-window-bottom">
            <div class="test-group">
              <span class="test-group-name">regression</span>
              <br/>
              <div class="method-in-group">
                <span class="method-in-group-name">verifyHomePageLaunching</span>
                <br/>
              </div> <!-- method-in-group -->
            </div> <!-- test-group -->
            <div class="test-group">
              <span class="test-group-name">smoke</span>
              <br/>
              <div class="method-in-group">
                <span class="method-in-group-name">verifyHomePageLaunching</span>
                <br/>
              </div> <!-- method-in-group -->
            </div> <!-- test-group -->
          </div> <!-- main-panel-content rounded-window-bottom -->
        </div> <!-- panel -->
        <div panel-name="times-Providio_Regression_Test" class="panel">
          <div class="main-panel-header rounded-window-top">
            <span class="header-content">Times for Providio Regression Test</span>
          </div> <!-- main-panel-header rounded-window-top -->
          <div class="main-panel-content rounded-window-bottom">
            <div class="times-div">
              <script type="text/javascript">
suiteTableInitFunctions.push('tableData_Providio_Regression_Test');
function tableData_Providio_Regression_Test() {
var data = new google.visualization.DataTable();
data.addColumn('number', 'Number');
data.addColumn('string', 'Method');
data.addColumn('string', 'Class');
data.addColumn('number', 'Time (ms)');
data.addRows(19);
data.setCell(0, 0, 0)
data.setCell(0, 1, 'verifyingTheEditShippingAddressFromReviewOrderPageAndPlaceOrder')
data.setCell(0, 2, 'testScripts.ReviewOrderTest')
data.setCell(0, 3, 70609);
data.setCell(1, 0, 1)
data.setCell(1, 1, 'verifyingTheEditPhoneNumInShippingAddressFromReviewOrderPageAndPlaceOrder')
data.setCell(1, 2, 'testScripts.ReviewOrderTest')
data.setCell(1, 3, 14428);
data.setCell(2, 0, 2)
data.setCell(2, 1, 'verifyingEditPhoneNumberInBillingAddressFromReviewOrderPageAndPlaceOrder')
data.setCell(2, 2, 'testScripts.ReviewOrderTest')
data.setCell(2, 3, 8421);
data.setCell(3, 0, 3)
data.setCell(3, 1, 'verifyHomePageLaunching')
data.setCell(3, 2, 'browser.launchBrowsering')
data.setCell(3, 3, 7930);
data.setCell(4, 0, 4)
data.setCell(4, 1, 'verifyingTheEditBillingAddressFromReviewOrderPageAndPlaceOrder')
data.setCell(4, 2, 'testScripts.ReviewOrderTest')
data.setCell(4, 3, 1334);
data.setCell(5, 0, 5)
data.setCell(5, 1, 'VerifyingPlaceOrderWithCreditCardWhenOnlyGcInCart')
data.setCell(5, 2, 'testScripts.ProductsAndItsOrderTest')
data.setCell(5, 3, 1069);
data.setCell(6, 0, 6)
data.setCell(6, 1, 'VerifyingPlaceOrderWithCreditCardWhenOnlyGcInCart')
data.setCell(6, 2, 'GiftCertificateFunctionalties.gcInCart')
data.setCell(6, 3, 1011);
data.setCell(7, 0, 7)
data.setCell(7, 1, 'verifyingTheEditInPaymentInReviewOrderPageFromCreditCardToGiftCertificate')
data.setCell(7, 2, 'testScripts.EditPaymentsFromReviewOrderPageTest')
data.setCell(7, 3, 25);
data.setCell(8, 0, 8)
data.setCell(8, 1, 'VerifyingPlaceOrderOfGiftCertificateAndSimpleProductInCartWithCreditCard')
data.setCell(8, 2, 'GiftCertificateFunctionalties.gcInCart')
data.setCell(8, 3, 1);
data.setCell(9, 0, 9)
data.setCell(9, 1, 'VerifyingPlaceOrderOfGiftCertificateAndSimpleProductInCartWithPaypal')
data.setCell(9, 2, 'GiftCertificateFunctionalties.gcInCart')
data.setCell(9, 3, 1);
data.setCell(10, 0, 10)
data.setCell(10, 1, 'verifyingTheEditInPaymentInReviewOrderPageFromGiftCertificateToPaypal')
data.setCell(10, 2, 'testScripts.EditPaymentsFromReviewOrderPageTest')
data.setCell(10, 3, 0);
data.setCell(11, 0, 11)
data.setCell(11, 1, 'VerifyingPlaceOrderWithBuyNowPopUp')
data.setCell(11, 2, 'testScripts.ProductsAndItsOrderTest')
data.setCell(11, 3, 0);
data.setCell(12, 0, 12)
data.setCell(12, 1, 'verifyingTheEditInPaymentInReviewOrderPageFromPaypalToCreditCard')
data.setCell(12, 2, 'testScripts.EditPaymentsFromReviewOrderPageTest')
data.setCell(12, 3, 0);
data.setCell(13, 0, 13)
data.setCell(13, 1, 'verifyingTheEditInPaymentInReviewOrderPageFromPaypalToGiftCertificate')
data.setCell(13, 2, 'testScripts.EditPaymentsFromReviewOrderPageTest')
data.setCell(13, 3, 0);
data.setCell(14, 0, 14)
data.setCell(14, 1, 'VerifyingPlaceOrderWithPaypalWhenOnlyGcInCart')
data.setCell(14, 2, 'GiftCertificateFunctionalties.gcInCart')
data.setCell(14, 3, 0);
data.setCell(15, 0, 15)
data.setCell(15, 1, 'VerifyingPlaceOrderWithBuyNowButton')
data.setCell(15, 2, 'testScripts.ProductsAndItsOrderTest')
data.setCell(15, 3, 0);
data.setCell(16, 0, 16)
data.setCell(16, 1, 'verifyingTheEditInPaymentInReviewOrderPageFromGiftCertificateToCreditCard')
data.setCell(16, 2, 'testScripts.EditPaymentsFromReviewOrderPageTest')
data.setCell(16, 3, 0);
data.setCell(17, 0, 17)
data.setCell(17, 1, 'VerifyingNoVisibilityOfGiftCertificateSectionWhenGcInCart')
data.setCell(17, 2, 'GiftCertificateFunctionalties.gcInCart')
data.setCell(17, 3, 0);
data.setCell(18, 0, 18)
data.setCell(18, 1, 'verifyingTheEditInPaymentInReviewOrderPageFromCreditCardToPaypal')
data.setCell(18, 2, 'testScripts.EditPaymentsFromReviewOrderPageTest')
data.setCell(18, 3, 0);
window.suiteTableData['Providio_Regression_Test']= { tableData: data, tableDiv: 'times-div-Providio_Regression_Test'}
return data;
}
              </script>
              <span class="suite-total-time">Total running time: 1 minutes</span>
              <div id="times-div-Providio_Regression_Test">
              </div> <!-- times-div-Providio_Regression_Test -->
            </div> <!-- times-div -->
          </div> <!-- main-panel-content rounded-window-bottom -->
        </div> <!-- panel -->
        <div panel-name="reporter-Providio_Regression_Test" class="panel">
          <div class="main-panel-header rounded-window-top">
            <span class="header-content">Reporter output for Providio Regression Test</span>
          </div> <!-- main-panel-header rounded-window-top -->
          <div class="main-panel-content rounded-window-bottom">
          </div> <!-- main-panel-content rounded-window-bottom -->
        </div> <!-- panel -->
        <div panel-name="ignored-methods-Providio_Regression_Test" class="panel">
          <div class="main-panel-header rounded-window-top">
            <span class="header-content">22 ignored methods</span>
          </div> <!-- main-panel-header rounded-window-top -->
          <div class="main-panel-content rounded-window-bottom">
            <div class="ignored-class-div">
              <span class="ignored-class-name">testScripts.ProductsAndItsOrderTest</span>
              <div class="ignored-methods-div">
                <span class="ignored-method-name">setUpforReport</span>
                <br/>
                <span class="ignored-method-name">tearDown</span>
                <br/>
              </div> <!-- ignored-methods-div -->
            </div> <!-- ignored-class-div -->
            <div class="ignored-class-div">
              <span class="ignored-class-name">testScripts.EditPaymentsFromReviewOrderPageTest</span>
              <div class="ignored-methods-div">
                <span class="ignored-method-name">verifyingTheEditInPaymentInReviewOrderPageFromPaypalToGiftCertificateAndPaypal</span>
                <br/>
                <span class="ignored-method-name">verifyingTheEditInPaymentInReviewOrderPageFromPaypalToCombinationOfGiftCertificateAndCreditCard</span>
                <br/>
                <span class="ignored-method-name">verifyingTheEditInPaymentInReviewOrderPageFromCreditCardToCombinationOfGiftCertificateAndPaypal</span>
                <br/>
                <span class="ignored-method-name">tearDown</span>
                <br/>
                <span class="ignored-method-name">verifyingTheEditInPaymentInReviewOrderPageFromCombinationOfGiftCertificateAndPaypalToGiftCertificate</span>
                <br/>
                <span class="ignored-method-name">setUpforReport</span>
                <br/>
                <span class="ignored-method-name">verifyingTheEditInPaymentInReviewOrderPageFromCombinationOfGiftCertificateAndCreditCardToCreditCard</span>
                <br/>
                <span class="ignored-method-name">verifyingTheEditInPaymentInReviewOrderPageFromCombinationOfGiftCertificateAndCreditCardToGiftCertificate</span>
                <br/>
                <span class="ignored-method-name">verifyingTheEditInPaymentInReviewOrderPageFromCombinationOfGiftCertificateAndPaypalToPaypal</span>
                <br/>
              </div> <!-- ignored-methods-div -->
            </div> <!-- ignored-class-div -->
            <div class="ignored-class-div">
              <span class="ignored-class-name">GiftCertificateFunctionalties.gcInCart</span>
              <div class="ignored-methods-div">
                <span class="ignored-method-name">setUpforReport</span>
                <br/>
                <span class="ignored-method-name">tearDown</span>
                <br/>
              </div> <!-- ignored-methods-div -->
            </div> <!-- ignored-class-div -->
            <div class="ignored-class-div">
              <span class="ignored-class-name">testScripts.ReviewOrderTest</span>
              <div class="ignored-methods-div">
                <span class="ignored-method-name">setUpforReport</span>
                <br/>
                <span class="ignored-method-name">verifyingPaymentInfoDisplayInReviewOrderPage</span>
                <br/>
                <span class="ignored-method-name">verifyingPaginationOfProductsInReviewOrderPage</span>
                <br/>
                <span class="ignored-method-name">verifyingBackToCartInReviewOrderPage</span>
                <br/>
                <span class="ignored-method-name">verifyingEtgLogoDisplayInReviewOrderPage</span>
                <br/>
                <span class="ignored-method-name">verifyingPlaceOrderButtonDisplayInReviewOrderPage</span>
                <br/>
                <span class="ignored-method-name">verifyingTheDisplayOfCustomerInfoInReviewOrderPage</span>
                <br/>
                <span class="ignored-method-name">tearDown</span>
                <br/>
                <span class="ignored-method-name">verifyingOrderSummaryDisplayInReviewOrderPage</span>
                <br/>
              </div> <!-- ignored-methods-div -->
            </div> <!-- ignored-class-div -->
          </div> <!-- main-panel-content rounded-window-bottom -->
        </div> <!-- panel -->
        <div panel-name="chronological-Providio_Regression_Test" class="panel">
          <div class="main-panel-header rounded-window-top">
            <span class="header-content">Methods in chronological order</span>
          </div> <!-- main-panel-header rounded-window-top -->
          <div class="main-panel-content rounded-window-bottom">
            <div class="chronological-class">
              <div class="chronological-class-name">browser.launchBrowsering</div> <!-- chronological-class-name -->
              <div class="configuration-suite before">
                <span class="method-name">setUpforReport</span>
                <span class="method-start">0 ms</span>
              </div> <!-- configuration-suite before -->
              <div class="configuration-class before">
                <span class="method-name">setUp</span>
                <span class="method-start">6610 ms</span>
              </div> <!-- configuration-class before -->
              <div class="configuration-method before">
                <span class="method-name">afterClass(public void browser.launchBrowsering.verifyHomePageLaunching() throws java.lang.InterruptedException)</span>
                <span class="method-start">8703 ms</span>
              </div> <!-- configuration-method before -->
              <div class="test-method">
                <span class="method-name">verifyHomePageLaunching</span>
                <span class="method-start">8710 ms</span>
              </div> <!-- test-method -->
              <div class="configuration-method after">
                <span class="method-name">afterMethod([TestResult name=verifyHomePageLaunching status=SUCCESS method=launchBrowsering.verifyHomePageLaunch...)</span>
                <span class="method-start">16709 ms</span>
              </div> <!-- configuration-method after -->
            </div> <!-- chronological-class -->
            <div class="chronological-class">
              <div class="chronological-class-name">testScripts.ReviewOrderTest</div> <!-- chronological-class-name -->
              <div class="configuration-class before">
                <span class="method-name">setUp</span>
                <span class="method-start">16978 ms</span>
              </div> <!-- configuration-class before -->
              <div class="test-method">
                <img src="failed.png">
                </img>
                <span class="method-name">verifyingTheEditShippingAddressFromReviewOrderPageAndPlaceOrder</span>
                <span class="method-start">19002 ms</span>
              </div> <!-- test-method -->
              <div class="configuration-method before">
                <span class="method-name">afterClass(public void testScripts.ReviewOrderTest.verifyingTheEditShippingAddressFromReviewOrderPageAndPlaceOr...)</span>
                <span class="method-start">19002 ms</span>
              </div> <!-- configuration-method before -->
              <div class="configuration-method after">
                <span class="method-name">afterMethod([TestResult name=verifyingTheEditShippingAddressFromReviewOrderPageAndPlaceOrder status=FAILURE meth...)</span>
                <span class="method-start">89614 ms</span>
              </div> <!-- configuration-method after -->
              <div class="test-method">
                <img src="failed.png">
                </img>
                <span class="method-name">verifyingTheEditBillingAddressFromReviewOrderPageAndPlaceOrder</span>
                <span class="method-start">89822 ms</span>
              </div> <!-- test-method -->
              <div class="configuration-method before">
                <span class="method-name">afterClass(public void testScripts.ReviewOrderTest.verifyingTheEditBillingAddressFromReviewOrderPageAndPlaceOrd...)</span>
                <span class="method-start">89822 ms</span>
              </div> <!-- configuration-method before -->
              <div class="configuration-method after">
                <span class="method-name">afterMethod([TestResult name=verifyingTheEditBillingAddressFromReviewOrderPageAndPlaceOrder status=FAILURE metho...)</span>
                <span class="method-start">91157 ms</span>
              </div> <!-- configuration-method after -->
              <div class="test-method">
                <img src="failed.png">
                </img>
                <span class="method-name">verifyingTheEditPhoneNumInShippingAddressFromReviewOrderPageAndPlaceOrder</span>
                <span class="method-start">91393 ms</span>
              </div> <!-- test-method -->
              <div class="configuration-method before">
                <span class="method-name">afterClass(public void testScripts.ReviewOrderTest.verifyingTheEditPhoneNumInShippingAddressFromReviewOrderPage...)</span>
                <span class="method-start">91393 ms</span>
              </div> <!-- configuration-method before -->
              <div class="configuration-method after">
                <span class="method-name">afterMethod([TestResult name=verifyingTheEditPhoneNumInShippingAddressFromReviewOrderPageAndPlaceOrder status=FA...)</span>
                <span class="method-start">105825 ms</span>
              </div> <!-- configuration-method after -->
              <div class="test-method">
                <img src="failed.png">
                </img>
                <span class="method-name">verifyingEditPhoneNumberInBillingAddressFromReviewOrderPageAndPlaceOrder</span>
                <span class="method-start">106253 ms</span>
              </div> <!-- test-method -->
              <div class="configuration-method before">
                <span class="method-name">afterClass(public static void testScripts.ReviewOrderTest.verifyingEditPhoneNumberInBillingAddressFromReviewOrd...)</span>
                <span class="method-start">106253 ms</span>
              </div> <!-- configuration-method before -->
              <div class="configuration-method after">
                <img src="failed.png">
                </img>
                <span class="method-name">afterMethod([TestResult name=verifyingEditPhoneNumberInBillingAddressFromReviewOrderPageAndPlaceOrder status=FAI...)</span>
                <span class="method-start">114678 ms</span>
              </div> <!-- configuration-method after -->
            </div> <!-- chronological-class -->
            <div class="chronological-class">
              <div class="chronological-class-name">testScripts.ProductsAndItsOrderTest</div> <!-- chronological-class-name -->
              <div class="configuration-class before">
                <span class="method-name">setUp</span>
                <span class="method-start">115508 ms</span>
              </div> <!-- configuration-class before -->
              <div class="configuration-method before">
                <span class="method-name">afterClass(public static void testScripts.ProductsAndItsOrderTest.VerifyingPlaceOrderWithCreditCardWhenOnlyGcIn...)</span>
                <span class="method-start">117529 ms</span>
              </div> <!-- configuration-method before -->
              <div class="test-method">
                <img src="failed.png">
                </img>
                <span class="method-name">VerifyingPlaceOrderWithCreditCardWhenOnlyGcInCart</span>
                <span class="method-start">117531 ms</span>
              </div> <!-- test-method -->
              <div class="configuration-method after">
                <img src="failed.png">
                </img>
                <span class="method-name">afterMethod([TestResult name=VerifyingPlaceOrderWithCreditCardWhenOnlyGcInCart status=FAILURE method=ProductsAnd...)</span>
                <span class="method-start">118614 ms</span>
              </div> <!-- configuration-method after -->
              <div class="configuration-method before">
                <span class="method-name">afterClass</span>
                <span class="method-start">118648 ms</span>
              </div> <!-- configuration-method before -->
              <div class="test-method">
                <span class="method-name">VerifyingPlaceOrderWithBuyNowButton</span>
                <span class="method-start">118655 ms</span>
              </div> <!-- test-method -->
              <div class="configuration-method after">
                <span class="method-name">afterMethod</span>
                <span class="method-start">118658 ms</span>
              </div> <!-- configuration-method after -->
              <div class="configuration-method before">
                <span class="method-name">afterClass</span>
                <span class="method-start">118659 ms</span>
              </div> <!-- configuration-method before -->
              <div class="test-method">
                <span class="method-name">VerifyingPlaceOrderWithBuyNowPopUp</span>
                <span class="method-start">118660 ms</span>
              </div> <!-- test-method -->
              <div class="configuration-method after">
                <span class="method-name">afterMethod</span>
                <span class="method-start">118668 ms</span>
              </div> <!-- configuration-method after -->
            </div> <!-- chronological-class -->
            <div class="chronological-class">
              <div class="chronological-class-name">GiftCertificateFunctionalties.gcInCart</div> <!-- chronological-class-name -->
              <div class="configuration-class before">
                <span class="method-name">setUp</span>
                <span class="method-start">118703 ms</span>
              </div> <!-- configuration-class before -->
              <div class="configuration-method before">
                <span class="method-name">afterClass(public static void GiftCertificateFunctionalties.gcInCart.VerifyingPlaceOrderWithCreditCardWhenOnlyG...)</span>
                <span class="method-start">120716 ms</span>
              </div> <!-- configuration-method before -->
              <div class="test-method">
                <img src="failed.png">
                </img>
                <span class="method-name">VerifyingPlaceOrderWithCreditCardWhenOnlyGcInCart</span>
                <span class="method-start">120716 ms</span>
              </div> <!-- test-method -->
              <div class="configuration-method after">
                <img src="failed.png">
                </img>
                <span class="method-name">afterMethod([TestResult name=VerifyingPlaceOrderWithCreditCardWhenOnlyGcInCart status=FAILURE method=gcInCart.Ve...)</span>
                <span class="method-start">121730 ms</span>
              </div> <!-- configuration-method after -->
              <div class="configuration-method before">
                <span class="method-name">afterClass</span>
                <span class="method-start">122379 ms</span>
              </div> <!-- configuration-method before -->
              <div class="test-method">
                <span class="method-name">VerifyingPlaceOrderWithPaypalWhenOnlyGcInCart</span>
                <span class="method-start">122382 ms</span>
              </div> <!-- test-method -->
              <div class="configuration-method after">
                <span class="method-name">afterMethod</span>
                <span class="method-start">122385 ms</span>
              </div> <!-- configuration-method after -->
              <div class="configuration-method before">
                <span class="method-name">afterClass</span>
                <span class="method-start">122390 ms</span>
              </div> <!-- configuration-method before -->
              <div class="test-method">
                <span class="method-name">VerifyingNoVisibilityOfGiftCertificateSectionWhenGcInCart</span>
                <span class="method-start">122392 ms</span>
              </div> <!-- test-method -->
              <div class="configuration-method after">
                <span class="method-name">afterMethod</span>
                <span class="method-start">122396 ms</span>
              </div> <!-- configuration-method after -->
              <div class="configuration-method before">
                <span class="method-name">afterClass</span>
                <span class="method-start">122402 ms</span>
              </div> <!-- configuration-method before -->
              <div class="test-method">
                <span class="method-name">VerifyingPlaceOrderOfGiftCertificateAndSimpleProductInCartWithCreditCard</span>
                <span class="method-start">122403 ms</span>
              </div> <!-- test-method -->
              <div class="configuration-method after">
                <span class="method-name">afterMethod</span>
                <span class="method-start">122406 ms</span>
              </div> <!-- configuration-method after -->
              <div class="test-method">
                <span class="method-name">VerifyingPlaceOrderOfGiftCertificateAndSimpleProductInCartWithPaypal</span>
                <span class="method-start">122408 ms</span>
              </div> <!-- test-method -->
              <div class="configuration-method before">
                <span class="method-name">afterClass</span>
                <span class="method-start">122408 ms</span>
              </div> <!-- configuration-method before -->
              <div class="configuration-method after">
                <span class="method-name">afterMethod</span>
                <span class="method-start">122412 ms</span>
              </div> <!-- configuration-method after -->
            </div> <!-- chronological-class -->
            <div class="chronological-class">
              <div class="chronological-class-name">testScripts.EditPaymentsFromReviewOrderPageTest</div> <!-- chronological-class-name -->
              <div class="configuration-class before">
                <span class="method-name">setUp</span>
                <span class="method-start">122418 ms</span>
              </div> <!-- configuration-class before -->
              <div class="configuration-method before">
                <span class="method-name">afterClass(public static void testScripts.EditPaymentsFromReviewOrderPageTest.verifyingTheEditInPaymentInReview...)</span>
                <span class="method-start">124430 ms</span>
              </div> <!-- configuration-method before -->
              <div class="test-method">
                <img src="failed.png">
                </img>
                <span class="method-name">verifyingTheEditInPaymentInReviewOrderPageFromCreditCardToGiftCertificate</span>
                <span class="method-start">124431 ms</span>
              </div> <!-- test-method -->
              <div class="configuration-method after">
                <img src="failed.png">
                </img>
                <span class="method-name">afterMethod([TestResult name=verifyingTheEditInPaymentInReviewOrderPageFromCreditCardToGiftCertificate status=FA...)</span>
                <span class="method-start">124456 ms</span>
              </div> <!-- configuration-method after -->
              <div class="configuration-method before">
                <span class="method-name">afterClass</span>
                <span class="method-start">124481 ms</span>
              </div> <!-- configuration-method before -->
              <div class="test-method">
                <span class="method-name">verifyingTheEditInPaymentInReviewOrderPageFromCreditCardToPaypal</span>
                <span class="method-start">124482 ms</span>
              </div> <!-- test-method -->
              <div class="configuration-method after">
                <span class="method-name">afterMethod</span>
                <span class="method-start">124483 ms</span>
              </div> <!-- configuration-method after -->
              <div class="configuration-method before">
                <span class="method-name">afterClass</span>
                <span class="method-start">124484 ms</span>
              </div> <!-- configuration-method before -->
              <div class="test-method">
                <span class="method-name">verifyingTheEditInPaymentInReviewOrderPageFromGiftCertificateToCreditCard</span>
                <span class="method-start">124485 ms</span>
              </div> <!-- test-method -->
              <div class="configuration-method after">
                <span class="method-name">afterMethod</span>
                <span class="method-start">124487 ms</span>
              </div> <!-- configuration-method after -->
              <div class="test-method">
                <span class="method-name">verifyingTheEditInPaymentInReviewOrderPageFromGiftCertificateToPaypal</span>
                <span class="method-start">124488 ms</span>
              </div> <!-- test-method -->
              <div class="configuration-method before">
                <span class="method-name">afterClass</span>
                <span class="method-start">124488 ms</span>
              </div> <!-- configuration-method before -->
              <div class="configuration-method after">
                <span class="method-name">afterMethod</span>
                <span class="method-start">124490 ms</span>
              </div> <!-- configuration-method after -->
              <div class="configuration-method before">
                <span class="method-name">afterClass</span>
                <span class="method-start">124491 ms</span>
              </div> <!-- configuration-method before -->
              <div class="test-method">
                <span class="method-name">verifyingTheEditInPaymentInReviewOrderPageFromPaypalToGiftCertificate</span>
                <span class="method-start">124492 ms</span>
              </div> <!-- test-method -->
              <div class="configuration-method after">
                <span class="method-name">afterMethod</span>
                <span class="method-start">124493 ms</span>
              </div> <!-- configuration-method after -->
              <div class="configuration-method before">
                <span class="method-name">afterClass</span>
                <span class="method-start">124495 ms</span>
              </div> <!-- configuration-method before -->
              <div class="test-method">
                <span class="method-name">verifyingTheEditInPaymentInReviewOrderPageFromPaypalToCreditCard</span>
                <span class="method-start">124496 ms</span>
              </div> <!-- test-method -->
              <div class="configuration-method after">
                <span class="method-name">afterMethod</span>
                <span class="method-start">124498 ms</span>
              </div> <!-- configuration-method after -->
            </div> <!-- chronological-class -->
            <div class="chronological-class">
              <div class="chronological-class-name">browser.launchBrowsering</div> <!-- chronological-class-name -->
              <div class="configuration-suite after">
                <img src="failed.png">
                </img>
                <span class="method-name">tearDown</span>
                <span class="method-start">124738 ms</span>
              </div> <!-- configuration-suite after -->
          </div> <!-- main-panel-content rounded-window-bottom -->
        </div> <!-- panel -->
      </div> <!-- main-panel-root -->
    </div> <!-- wrapper -->
  </body>
<script type="text/javascript" src="testng-reports2.js"></script>
</html>
